8139 [http-nio-8082-exec-1] INFO  case1.tools.Monitor - {"timestamp": "1524422792339","calling": "execution(String case1.controller.FirstController.updateFirst(First))", "Thread": "Thread[http-nio-8082-exec-1,5,main]", "type": "contollerStart"}
8197 [http-nio-8082-exec-1] INFO  case1.tools.Monitor - {"timestamp": "1524422792398","calling": "execution(Object org.springframework.data.repository.CrudRepository.save(Object))", "Thread": "Thread[http-nio-8082-exec-1,5,main]", "type": "repository"}
8197 [http-nio-8082-exec-1] INFO  case1.tools.Monitor - {"timestamp": "1524422792398","calling": "execution(String case1.controller.FirstController.updateFirst(First))", "Thread": "Thread[http-nio-8082-exec-1,5,main]", "type": "contollerEnd"}
8226 [http-nio-8082-exec-2] INFO  case1.tools.Monitor - {"timestamp": "1524422792427","calling": "execution(First case1.controller.FirstController.getFirst(String))", "Thread": "Thread[http-nio-8082-exec-2,5,main]", "type": "contollerStart"}
8271 [http-nio-8082-exec-2] INFO  case1.tools.Monitor - {"timestamp": "1524422792472","calling": "execution(First case1.db.FirstRepository.findByUuid(String))", "Thread": "Thread[http-nio-8082-exec-2,5,main]", "type": "repository"}
8271 [http-nio-8082-exec-2] INFO  case1.tools.Monitor - {"timestamp": "1524422792472","calling": "execution(First case1.controller.FirstController.getFirst(String))", "Thread": "Thread[http-nio-8082-exec-2,5,main]", "type": "contollerEnd"}
8304 [http-nio-8082-exec-4] INFO  case1.tools.Monitor - {"timestamp": "1524422792505","calling": "execution(String case1.controller.SecondController.updateFirst(Second))", "Thread": "Thread[http-nio-8082-exec-4,5,main]", "type": "contollerStart"}
8311 [http-nio-8082-exec-4] INFO  case1.tools.Monitor - {"timestamp": "1524422792512","calling": "execution(Object org.springframework.data.repository.CrudRepository.save(Object))", "Thread": "Thread[http-nio-8082-exec-4,5,main]", "type": "repository"}
8312 [http-nio-8082-exec-4] INFO  case1.tools.Monitor - {"timestamp": "1524422792513","calling": "execution(String case1.controller.SecondController.updateFirst(Second))", "Thread": "Thread[http-nio-8082-exec-4,5,main]", "type": "contollerEnd"}
8332 [http-nio-8082-exec-5] INFO  case1.tools.Monitor - {"timestamp": "1524422792533","calling": "execution(Second case1.controller.SecondController.getSecond(String))", "Thread": "Thread[http-nio-8082-exec-5,5,main]", "type": "contollerStart"}
8334 [http-nio-8082-exec-5] INFO  case1.tools.Monitor - {"timestamp": "1524422792535","calling": "execution(Second case1.db.SecondRepository.findByUuid(String))", "Thread": "Thread[http-nio-8082-exec-5,5,main]", "type": "repository"}
8334 [http-nio-8082-exec-5] INFO  case1.tools.Monitor - {"timestamp": "1524422792535","calling": "execution(Second case1.controller.SecondController.getSecond(String))", "Thread": "Thread[http-nio-8082-exec-5,5,main]", "type": "contollerEnd"}
8354 [http-nio-8082-exec-6] INFO  case1.tools.Monitor - {"timestamp": "1524422792555","calling": "execution(String case1.controller.FirstController.updateFirst(First))", "Thread": "Thread[http-nio-8082-exec-6,5,main]", "type": "contollerStart"}
8356 [http-nio-8082-exec-6] INFO  case1.tools.Monitor - {"timestamp": "1524422792557","calling": "execution(Object org.springframework.data.repository.CrudRepository.save(Object))", "Thread": "Thread[http-nio-8082-exec-6,5,main]", "type": "repository"}
8356 [http-nio-8082-exec-6] INFO  case1.tools.Monitor - {"timestamp": "1524422792557","calling": "execution(String case1.controller.FirstController.updateFirst(First))", "Thread": "Thread[http-nio-8082-exec-6,5,main]", "type": "contollerEnd"}
8376 [http-nio-8082-exec-7] INFO  case1.tools.Monitor - {"timestamp": "1524422792577","calling": "execution(First case1.controller.FirstController.getFirst(String))", "Thread": "Thread[http-nio-8082-exec-7,5,main]", "type": "contollerStart"}
8377 [http-nio-8082-exec-7] INFO  case1.tools.Monitor - {"timestamp": "1524422792578","calling": "execution(First case1.db.FirstRepository.findByUuid(String))", "Thread": "Thread[http-nio-8082-exec-7,5,main]", "type": "repository"}
8377 [http-nio-8082-exec-7] INFO  case1.tools.Monitor - {"timestamp": "1524422792578","calling": "execution(First case1.controller.FirstController.getFirst(String))", "Thread": "Thread[http-nio-8082-exec-7,5,main]", "type": "contollerEnd"}
8397 [http-nio-8082-exec-9] INFO  case1.tools.Monitor - {"timestamp": "1524422792598","calling": "execution(String case1.controller.SecondController.updateFirst(Second))", "Thread": "Thread[http-nio-8082-exec-9,5,main]", "type": "contollerStart"}
8399 [http-nio-8082-exec-9] INFO  case1.tools.Monitor - {"timestamp": "1524422792600","calling": "execution(Object org.springframework.data.repository.CrudRepository.save(Object))", "Thread": "Thread[http-nio-8082-exec-9,5,main]", "type": "repository"}
8399 [http-nio-8082-exec-9] INFO  case1.tools.Monitor - {"timestamp": "1524422792600","calling": "execution(String case1.controller.SecondController.updateFirst(Second))", "Thread": "Thread[http-nio-8082-exec-9,5,main]", "type": "contollerEnd"}
8418 [http-nio-8082-exec-10] INFO  case1.tools.Monitor - {"timestamp": "1524422792619","calling": "execution(Second case1.controller.SecondController.getSecond(String))", "Thread": "Thread[http-nio-8082-exec-10,5,main]", "type": "contollerStart"}
8419 [http-nio-8082-exec-10] INFO  case1.tools.Monitor - {"timestamp": "1524422792620","calling": "execution(Second case1.db.SecondRepository.findByUuid(String))", "Thread": "Thread[http-nio-8082-exec-10,5,main]", "type": "repository"}
8420 [http-nio-8082-exec-10] INFO  case1.tools.Monitor - {"timestamp": "1524422792621","calling": "execution(Second case1.controller.SecondController.getSecond(String))", "Thread": "Thread[http-nio-8082-exec-10,5,main]", "type": "contollerEnd"}
8440 [http-nio-8082-exec-2] INFO  case1.tools.Monitor - {"timestamp": "1524422792641","calling": "execution(String case1.controller.FirstController.updateFirst(First))", "Thread": "Thread[http-nio-8082-exec-2,5,main]", "type": "contollerStart"}
8442 [http-nio-8082-exec-2] INFO  case1.tools.Monitor - {"timestamp": "1524422792643","calling": "execution(Object org.springframework.data.repository.CrudRepository.save(Object))", "Thread": "Thread[http-nio-8082-exec-2,5,main]", "type": "repository"}
8442 [http-nio-8082-exec-2] INFO  case1.tools.Monitor - {"timestamp": "1524422792643","calling": "execution(String case1.controller.FirstController.updateFirst(First))", "Thread": "Thread[http-nio-8082-exec-2,5,main]", "type": "contollerEnd"}
8461 [http-nio-8082-exec-3] INFO  case1.tools.Monitor - {"timestamp": "1524422792662","calling": "execution(First case1.controller.FirstController.getFirst(String))", "Thread": "Thread[http-nio-8082-exec-3,5,main]", "type": "contollerStart"}
8462 [http-nio-8082-exec-3] INFO  case1.tools.Monitor - {"timestamp": "1524422792663","calling": "execution(First case1.db.FirstRepository.findByUuid(String))", "Thread": "Thread[http-nio-8082-exec-3,5,main]", "type": "repository"}
8462 [http-nio-8082-exec-3] INFO  case1.tools.Monitor - {"timestamp": "1524422792663","calling": "execution(First case1.controller.FirstController.getFirst(String))", "Thread": "Thread[http-nio-8082-exec-3,5,main]", "type": "contollerEnd"}
8482 [http-nio-8082-exec-5] INFO  case1.tools.Monitor - {"timestamp": "1524422792683","calling": "execution(String case1.controller.SecondController.updateFirst(Second))", "Thread": "Thread[http-nio-8082-exec-5,5,main]", "type": "contollerStart"}
8484 [http-nio-8082-exec-5] INFO  case1.tools.Monitor - {"timestamp": "1524422792685","calling": "execution(Object org.springframework.data.repository.CrudRepository.save(Object))", "Thread": "Thread[http-nio-8082-exec-5,5,main]", "type": "repository"}
8485 [http-nio-8082-exec-5] INFO  case1.tools.Monitor - {"timestamp": "1524422792686","calling": "execution(String case1.controller.SecondController.updateFirst(Second))", "Thread": "Thread[http-nio-8082-exec-5,5,main]", "type": "contollerEnd"}
8505 [http-nio-8082-exec-6] INFO  case1.tools.Monitor - {"timestamp": "1524422792706","calling": "execution(Second case1.controller.SecondController.getSecond(String))", "Thread": "Thread[http-nio-8082-exec-6,5,main]", "type": "contollerStart"}
8507 [http-nio-8082-exec-6] INFO  case1.tools.Monitor - {"timestamp": "1524422792708","calling": "execution(Second case1.db.SecondRepository.findByUuid(String))", "Thread": "Thread[http-nio-8082-exec-6,5,main]", "type": "repository"}
8507 [http-nio-8082-exec-6] INFO  case1.tools.Monitor - {"timestamp": "1524422792708","calling": "execution(Second case1.controller.SecondController.getSecond(String))", "Thread": "Thread[http-nio-8082-exec-6,5,main]", "type": "contollerEnd"}
8528 [http-nio-8082-exec-8] INFO  case1.tools.Monitor - {"timestamp": "1524422792729","calling": "execution(String case1.controller.FirstController.updateFirst(First))", "Thread": "Thread[http-nio-8082-exec-8,5,main]", "type": "contollerStart"}
8530 [http-nio-8082-exec-8] INFO  case1.tools.Monitor - {"timestamp": "1524422792731","calling": "execution(Object org.springframework.data.repository.CrudRepository.save(Object))", "Thread": "Thread[http-nio-8082-exec-8,5,main]", "type": "repository"}
8530 [http-nio-8082-exec-8] INFO  case1.tools.Monitor - {"timestamp": "1524422792731","calling": "execution(String case1.controller.FirstController.updateFirst(First))", "Thread": "Thread[http-nio-8082-exec-8,5,main]", "type": "contollerEnd"}
8550 [http-nio-8082-exec-9] INFO  case1.tools.Monitor - {"timestamp": "1524422792751","calling": "execution(First case1.controller.FirstController.getFirst(String))", "Thread": "Thread[http-nio-8082-exec-9,5,main]", "type": "contollerStart"}
8551 [http-nio-8082-exec-9] INFO  case1.tools.Monitor - {"timestamp": "1524422792752","calling": "execution(First case1.db.FirstRepository.findByUuid(String))", "Thread": "Thread[http-nio-8082-exec-9,5,main]", "type": "repository"}
8552 [http-nio-8082-exec-9] INFO  case1.tools.Monitor - {"timestamp": "1524422792753","calling": "execution(First case1.controller.FirstController.getFirst(String))", "Thread": "Thread[http-nio-8082-exec-9,5,main]", "type": "contollerEnd"}
8572 [http-nio-8082-exec-1] INFO  case1.tools.Monitor - {"timestamp": "1524422792773","calling": "execution(String case1.controller.SecondController.updateFirst(Second))", "Thread": "Thread[http-nio-8082-exec-1,5,main]", "type": "contollerStart"}
8574 [http-nio-8082-exec-1] INFO  case1.tools.Monitor - {"timestamp": "1524422792775","calling": "execution(Object org.springframework.data.repository.CrudRepository.save(Object))", "Thread": "Thread[http-nio-8082-exec-1,5,main]", "type": "repository"}
8574 [http-nio-8082-exec-1] INFO  case1.tools.Monitor - {"timestamp": "1524422792775","calling": "execution(String case1.controller.SecondController.updateFirst(Second))", "Thread": "Thread[http-nio-8082-exec-1,5,main]", "type": "contollerEnd"}
8593 [http-nio-8082-exec-2] INFO  case1.tools.Monitor - {"timestamp": "1524422792794","calling": "execution(Second case1.controller.SecondController.getSecond(String))", "Thread": "Thread[http-nio-8082-exec-2,5,main]", "type": "contollerStart"}
8595 [http-nio-8082-exec-2] INFO  case1.tools.Monitor - {"timestamp": "1524422792796","calling": "execution(Second case1.db.SecondRepository.findByUuid(String))", "Thread": "Thread[http-nio-8082-exec-2,5,main]", "type": "repository"}
8595 [http-nio-8082-exec-2] INFO  case1.tools.Monitor - {"timestamp": "1524422792796","calling": "execution(Second case1.controller.SecondController.getSecond(String))", "Thread": "Thread[http-nio-8082-exec-2,5,main]", "type": "contollerEnd"}
8616 [http-nio-8082-exec-4] INFO  case1.tools.Monitor - {"timestamp": "1524422792817","calling": "execution(String case1.controller.FirstController.updateFirst(First))", "Thread": "Thread[http-nio-8082-exec-4,5,main]", "type": "contollerStart"}
8618 [http-nio-8082-exec-4] INFO  case1.tools.Monitor - {"timestamp": "1524422792819","calling": "execution(Object org.springframework.data.repository.CrudRepository.save(Object))", "Thread": "Thread[http-nio-8082-exec-4,5,main]", "type": "repository"}
8618 [http-nio-8082-exec-4] INFO  case1.tools.Monitor - {"timestamp": "1524422792819","calling": "execution(String case1.controller.FirstController.updateFirst(First))", "Thread": "Thread[http-nio-8082-exec-4,5,main]", "type": "contollerEnd"}
8638 [http-nio-8082-exec-5] INFO  case1.tools.Monitor - {"timestamp": "1524422792839","calling": "execution(First case1.controller.FirstController.getFirst(String))", "Thread": "Thread[http-nio-8082-exec-5,5,main]", "type": "contollerStart"}
8639 [http-nio-8082-exec-5] INFO  case1.tools.Monitor - {"timestamp": "1524422792840","calling": "execution(First case1.db.FirstRepository.findByUuid(String))", "Thread": "Thread[http-nio-8082-exec-5,5,main]", "type": "repository"}
8639 [http-nio-8082-exec-5] INFO  case1.tools.Monitor - {"timestamp": "1524422792840","calling": "execution(First case1.controller.FirstController.getFirst(String))", "Thread": "Thread[http-nio-8082-exec-5,5,main]", "type": "contollerEnd"}
8660 [http-nio-8082-exec-7] INFO  case1.tools.Monitor - {"timestamp": "1524422792861","calling": "execution(String case1.controller.SecondController.updateFirst(Second))", "Thread": "Thread[http-nio-8082-exec-7,5,main]", "type": "contollerStart"}
8661 [http-nio-8082-exec-7] INFO  case1.tools.Monitor - {"timestamp": "1524422792862","calling": "execution(Object org.springframework.data.repository.CrudRepository.save(Object))", "Thread": "Thread[http-nio-8082-exec-7,5,main]", "type": "repository"}
8661 [http-nio-8082-exec-7] INFO  case1.tools.Monitor - {"timestamp": "1524422792862","calling": "execution(String case1.controller.SecondController.updateFirst(Second))", "Thread": "Thread[http-nio-8082-exec-7,5,main]", "type": "contollerEnd"}
8683 [http-nio-8082-exec-8] INFO  case1.tools.Monitor - {"timestamp": "1524422792884","calling": "execution(Second case1.controller.SecondController.getSecond(String))", "Thread": "Thread[http-nio-8082-exec-8,5,main]", "type": "contollerStart"}
8684 [http-nio-8082-exec-8] INFO  case1.tools.Monitor - {"timestamp": "1524422792885","calling": "execution(Second case1.db.SecondRepository.findByUuid(String))", "Thread": "Thread[http-nio-8082-exec-8,5,main]", "type": "repository"}
8684 [http-nio-8082-exec-8] INFO  case1.tools.Monitor - {"timestamp": "1524422792885","calling": "execution(Second case1.controller.SecondController.getSecond(String))", "Thread": "Thread[http-nio-8082-exec-8,5,main]", "type": "contollerEnd"}
8703 [http-nio-8082-exec-10] INFO  case1.tools.Monitor - {"timestamp": "1524422792904","calling": "execution(String case1.controller.FirstController.updateFirst(First))", "Thread": "Thread[http-nio-8082-exec-10,5,main]", "type": "contollerStart"}
8705 [http-nio-8082-exec-10] INFO  case1.tools.Monitor - {"timestamp": "1524422792906","calling": "execution(Object org.springframework.data.repository.CrudRepository.save(Object))", "Thread": "Thread[http-nio-8082-exec-10,5,main]", "type": "repository"}
8705 [http-nio-8082-exec-10] INFO  case1.tools.Monitor - {"timestamp": "1524422792906","calling": "execution(String case1.controller.FirstController.updateFirst(First))", "Thread": "Thread[http-nio-8082-exec-10,5,main]", "type": "contollerEnd"}
8724 [http-nio-8082-exec-1] INFO  case1.tools.Monitor - {"timestamp": "1524422792925","calling": "execution(First case1.controller.FirstController.getFirst(String))", "Thread": "Thread[http-nio-8082-exec-1,5,main]", "type": "contollerStart"}
8725 [http-nio-8082-exec-1] INFO  case1.tools.Monitor - {"timestamp": "1524422792926","calling": "execution(First case1.db.FirstRepository.findByUuid(String))", "Thread": "Thread[http-nio-8082-exec-1,5,main]", "type": "repository"}
8726 [http-nio-8082-exec-1] INFO  case1.tools.Monitor - {"timestamp": "1524422792927","calling": "execution(First case1.controller.FirstController.getFirst(String))", "Thread": "Thread[http-nio-8082-exec-1,5,main]", "type": "contollerEnd"}
8745 [http-nio-8082-exec-3] INFO  case1.tools.Monitor - {"timestamp": "1524422792946","calling": "execution(String case1.controller.SecondController.updateFirst(Second))", "Thread": "Thread[http-nio-8082-exec-3,5,main]", "type": "contollerStart"}
8747 [http-nio-8082-exec-3] INFO  case1.tools.Monitor - {"timestamp": "1524422792948","calling": "execution(Object org.springframework.data.repository.CrudRepository.save(Object))", "Thread": "Thread[http-nio-8082-exec-3,5,main]", "type": "repository"}
8748 [http-nio-8082-exec-3] INFO  case1.tools.Monitor - {"timestamp": "1524422792949","calling": "execution(String case1.controller.SecondController.updateFirst(Second))", "Thread": "Thread[http-nio-8082-exec-3,5,main]", "type": "contollerEnd"}
8767 [http-nio-8082-exec-4] INFO  case1.tools.Monitor - {"timestamp": "1524422792968","calling": "execution(Second case1.controller.SecondController.getSecond(String))", "Thread": "Thread[http-nio-8082-exec-4,5,main]", "type": "contollerStart"}
8768 [http-nio-8082-exec-4] INFO  case1.tools.Monitor - {"timestamp": "1524422792969","calling": "execution(Second case1.db.SecondRepository.findByUuid(String))", "Thread": "Thread[http-nio-8082-exec-4,5,main]", "type": "repository"}
8769 [http-nio-8082-exec-4] INFO  case1.tools.Monitor - {"timestamp": "1524422792970","calling": "execution(Second case1.controller.SecondController.getSecond(String))", "Thread": "Thread[http-nio-8082-exec-4,5,main]", "type": "contollerEnd"}
8790 [http-nio-8082-exec-6] INFO  case1.tools.Monitor - {"timestamp": "1524422792991","calling": "execution(String case1.controller.FirstController.updateFirst(First))", "Thread": "Thread[http-nio-8082-exec-6,5,main]", "type": "contollerStart"}
8791 [http-nio-8082-exec-6] INFO  case1.tools.Monitor - {"timestamp": "1524422792992","calling": "execution(Object org.springframework.data.repository.CrudRepository.save(Object))", "Thread": "Thread[http-nio-8082-exec-6,5,main]", "type": "repository"}
8791 [http-nio-8082-exec-6] INFO  case1.tools.Monitor - {"timestamp": "1524422792992","calling": "execution(String case1.controller.FirstController.updateFirst(First))", "Thread": "Thread[http-nio-8082-exec-6,5,main]", "type": "contollerEnd"}
8811 [http-nio-8082-exec-7] INFO  case1.tools.Monitor - {"timestamp": "1524422793012","calling": "execution(First case1.controller.FirstController.getFirst(String))", "Thread": "Thread[http-nio-8082-exec-7,5,main]", "type": "contollerStart"}
8812 [http-nio-8082-exec-7] INFO  case1.tools.Monitor - {"timestamp": "1524422793013","calling": "execution(First case1.db.FirstRepository.findByUuid(String))", "Thread": "Thread[http-nio-8082-exec-7,5,main]", "type": "repository"}
8812 [http-nio-8082-exec-7] INFO  case1.tools.Monitor - {"timestamp": "1524422793013","calling": "execution(First case1.controller.FirstController.getFirst(String))", "Thread": "Thread[http-nio-8082-exec-7,5,main]", "type": "contollerEnd"}
8831 [http-nio-8082-exec-9] INFO  case1.tools.Monitor - {"timestamp": "1524422793032","calling": "execution(String case1.controller.SecondController.updateFirst(Second))", "Thread": "Thread[http-nio-8082-exec-9,5,main]", "type": "contollerStart"}
8833 [http-nio-8082-exec-9] INFO  case1.tools.Monitor - {"timestamp": "1524422793034","calling": "execution(Object org.springframework.data.repository.CrudRepository.save(Object))", "Thread": "Thread[http-nio-8082-exec-9,5,main]", "type": "repository"}
8833 [http-nio-8082-exec-9] INFO  case1.tools.Monitor - {"timestamp": "1524422793034","calling": "execution(String case1.controller.SecondController.updateFirst(Second))", "Thread": "Thread[http-nio-8082-exec-9,5,main]", "type": "contollerEnd"}
8852 [http-nio-8082-exec-10] INFO  case1.tools.Monitor - {"timestamp": "1524422793053","calling": "execution(Second case1.controller.SecondController.getSecond(String))", "Thread": "Thread[http-nio-8082-exec-10,5,main]", "type": "contollerStart"}
8853 [http-nio-8082-exec-10] INFO  case1.tools.Monitor - {"timestamp": "1524422793054","calling": "execution(Second case1.db.SecondRepository.findByUuid(String))", "Thread": "Thread[http-nio-8082-exec-10,5,main]", "type": "repository"}
8854 [http-nio-8082-exec-10] INFO  case1.tools.Monitor - {"timestamp": "1524422793055","calling": "execution(Second case1.controller.SecondController.getSecond(String))", "Thread": "Thread[http-nio-8082-exec-10,5,main]", "type": "contollerEnd"}
8873 [http-nio-8082-exec-2] INFO  case1.tools.Monitor - {"timestamp": "1524422793074","calling": "execution(String case1.controller.FirstController.updateFirst(First))", "Thread": "Thread[http-nio-8082-exec-2,5,main]", "type": "contollerStart"}
8874 [http-nio-8082-exec-2] INFO  case1.tools.Monitor - {"timestamp": "1524422793075","calling": "execution(Object org.springframework.data.repository.CrudRepository.save(Object))", "Thread": "Thread[http-nio-8082-exec-2,5,main]", "type": "repository"}
8874 [http-nio-8082-exec-2] INFO  case1.tools.Monitor - {"timestamp": "1524422793075","calling": "execution(String case1.controller.FirstController.updateFirst(First))", "Thread": "Thread[http-nio-8082-exec-2,5,main]", "type": "contollerEnd"}
8893 [http-nio-8082-exec-3] INFO  case1.tools.Monitor - {"timestamp": "1524422793094","calling": "execution(First case1.controller.FirstController.getFirst(String))", "Thread": "Thread[http-nio-8082-exec-3,5,main]", "type": "contollerStart"}
8894 [http-nio-8082-exec-3] INFO  case1.tools.Monitor - {"timestamp": "1524422793095","calling": "execution(First case1.db.FirstRepository.findByUuid(String))", "Thread": "Thread[http-nio-8082-exec-3,5,main]", "type": "repository"}
8895 [http-nio-8082-exec-3] INFO  case1.tools.Monitor - {"timestamp": "1524422793096","calling": "execution(First case1.controller.FirstController.getFirst(String))", "Thread": "Thread[http-nio-8082-exec-3,5,main]", "type": "contollerEnd"}
8915 [http-nio-8082-exec-5] INFO  case1.tools.Monitor - {"timestamp": "1524422793116","calling": "execution(String case1.controller.SecondController.updateFirst(Second))", "Thread": "Thread[http-nio-8082-exec-5,5,main]", "type": "contollerStart"}
8917 [http-nio-8082-exec-5] INFO  case1.tools.Monitor - {"timestamp": "1524422793118","calling": "execution(Object org.springframework.data.repository.CrudRepository.save(Object))", "Thread": "Thread[http-nio-8082-exec-5,5,main]", "type": "repository"}
8918 [http-nio-8082-exec-5] INFO  case1.tools.Monitor - {"timestamp": "1524422793119","calling": "execution(String case1.controller.SecondController.updateFirst(Second))", "Thread": "Thread[http-nio-8082-exec-5,5,main]", "type": "contollerEnd"}
8938 [http-nio-8082-exec-6] INFO  case1.tools.Monitor - {"timestamp": "1524422793139","calling": "execution(Second case1.controller.SecondController.getSecond(String))", "Thread": "Thread[http-nio-8082-exec-6,5,main]", "type": "contollerStart"}
8939 [http-nio-8082-exec-6] INFO  case1.tools.Monitor - {"timestamp": "1524422793140","calling": "execution(Second case1.db.SecondRepository.findByUuid(String))", "Thread": "Thread[http-nio-8082-exec-6,5,main]", "type": "repository"}
8939 [http-nio-8082-exec-6] INFO  case1.tools.Monitor - {"timestamp": "1524422793140","calling": "execution(Second case1.controller.SecondController.getSecond(String))", "Thread": "Thread[http-nio-8082-exec-6,5,main]", "type": "contollerEnd"}
8959 [http-nio-8082-exec-8] INFO  case1.tools.Monitor - {"timestamp": "1524422793160","calling": "execution(String case1.controller.FirstController.updateFirst(First))", "Thread": "Thread[http-nio-8082-exec-8,5,main]", "type": "contollerStart"}
8960 [http-nio-8082-exec-8] INFO  case1.tools.Monitor - {"timestamp": "1524422793161","calling": "execution(Object org.springframework.data.repository.CrudRepository.save(Object))", "Thread": "Thread[http-nio-8082-exec-8,5,main]", "type": "repository"}
8961 [http-nio-8082-exec-8] INFO  case1.tools.Monitor - {"timestamp": "1524422793162","calling": "execution(String case1.controller.FirstController.updateFirst(First))", "Thread": "Thread[http-nio-8082-exec-8,5,main]", "type": "contollerEnd"}
8980 [http-nio-8082-exec-9] INFO  case1.tools.Monitor - {"timestamp": "1524422793181","calling": "execution(First case1.controller.FirstController.getFirst(String))", "Thread": "Thread[http-nio-8082-exec-9,5,main]", "type": "contollerStart"}
8982 [http-nio-8082-exec-9] INFO  case1.tools.Monitor - {"timestamp": "1524422793183","calling": "execution(First case1.db.FirstRepository.findByUuid(String))", "Thread": "Thread[http-nio-8082-exec-9,5,main]", "type": "repository"}
8982 [http-nio-8082-exec-9] INFO  case1.tools.Monitor - {"timestamp": "1524422793183","calling": "execution(First case1.controller.FirstController.getFirst(String))", "Thread": "Thread[http-nio-8082-exec-9,5,main]", "type": "contollerEnd"}
9001 [http-nio-8082-exec-1] INFO  case1.tools.Monitor - {"timestamp": "1524422793202","calling": "execution(String case1.controller.SecondController.updateFirst(Second))", "Thread": "Thread[http-nio-8082-exec-1,5,main]", "type": "contollerStart"}
9003 [http-nio-8082-exec-1] INFO  case1.tools.Monitor - {"timestamp": "1524422793204","calling": "execution(Object org.springframework.data.repository.CrudRepository.save(Object))", "Thread": "Thread[http-nio-8082-exec-1,5,main]", "type": "repository"}
9004 [http-nio-8082-exec-1] INFO  case1.tools.Monitor - {"timestamp": "1524422793205","calling": "execution(String case1.controller.SecondController.updateFirst(Second))", "Thread": "Thread[http-nio-8082-exec-1,5,main]", "type": "contollerEnd"}
9023 [http-nio-8082-exec-2] INFO  case1.tools.Monitor - {"timestamp": "1524422793224","calling": "execution(Second case1.controller.SecondController.getSecond(String))", "Thread": "Thread[http-nio-8082-exec-2,5,main]", "type": "contollerStart"}
9025 [http-nio-8082-exec-2] INFO  case1.tools.Monitor - {"timestamp": "1524422793226","calling": "execution(Second case1.db.SecondRepository.findByUuid(String))", "Thread": "Thread[http-nio-8082-exec-2,5,main]", "type": "repository"}
9025 [http-nio-8082-exec-2] INFO  case1.tools.Monitor - {"timestamp": "1524422793226","calling": "execution(Second case1.controller.SecondController.getSecond(String))", "Thread": "Thread[http-nio-8082-exec-2,5,main]", "type": "contollerEnd"}
9045 [http-nio-8082-exec-4] INFO  case1.tools.Monitor - {"timestamp": "1524422793246","calling": "execution(String case1.controller.FirstController.updateFirst(First))", "Thread": "Thread[http-nio-8082-exec-4,5,main]", "type": "contollerStart"}
9046 [http-nio-8082-exec-4] INFO  case1.tools.Monitor - {"timestamp": "1524422793247","calling": "execution(Object org.springframework.data.repository.CrudRepository.save(Object))", "Thread": "Thread[http-nio-8082-exec-4,5,main]", "type": "repository"}
9046 [http-nio-8082-exec-4] INFO  case1.tools.Monitor - {"timestamp": "1524422793247","calling": "execution(String case1.controller.FirstController.updateFirst(First))", "Thread": "Thread[http-nio-8082-exec-4,5,main]", "type": "contollerEnd"}
9065 [http-nio-8082-exec-5] INFO  case1.tools.Monitor - {"timestamp": "1524422793266","calling": "execution(First case1.controller.FirstController.getFirst(String))", "Thread": "Thread[http-nio-8082-exec-5,5,main]", "type": "contollerStart"}
9066 [http-nio-8082-exec-5] INFO  case1.tools.Monitor - {"timestamp": "1524422793267","calling": "execution(First case1.db.FirstRepository.findByUuid(String))", "Thread": "Thread[http-nio-8082-exec-5,5,main]", "type": "repository"}
9067 [http-nio-8082-exec-5] INFO  case1.tools.Monitor - {"timestamp": "1524422793268","calling": "execution(First case1.controller.FirstController.getFirst(String))", "Thread": "Thread[http-nio-8082-exec-5,5,main]", "type": "contollerEnd"}
9086 [http-nio-8082-exec-6] INFO  case1.tools.Monitor - {"timestamp": "1524422793287","calling": "execution(String case1.controller.SecondController.updateFirst(Second))", "Thread": "Thread[http-nio-8082-exec-6,5,main]", "type": "contollerStart"}
9087 [http-nio-8082-exec-6] INFO  case1.tools.Monitor - {"timestamp": "1524422793288","calling": "execution(Object org.springframework.data.repository.CrudRepository.save(Object))", "Thread": "Thread[http-nio-8082-exec-6,5,main]", "type": "repository"}
9088 [http-nio-8082-exec-6] INFO  case1.tools.Monitor - {"timestamp": "1524422793289","calling": "execution(String case1.controller.SecondController.updateFirst(Second))", "Thread": "Thread[http-nio-8082-exec-6,5,main]", "type": "contollerEnd"}
9107 [http-nio-8082-exec-7] INFO  case1.tools.Monitor - {"timestamp": "1524422793308","calling": "execution(Second case1.controller.SecondController.getSecond(String))", "Thread": "Thread[http-nio-8082-exec-7,5,main]", "type": "contollerStart"}
9109 [http-nio-8082-exec-7] INFO  case1.tools.Monitor - {"timestamp": "1524422793310","calling": "execution(Second case1.db.SecondRepository.findByUuid(String))", "Thread": "Thread[http-nio-8082-exec-7,5,main]", "type": "repository"}
9109 [http-nio-8082-exec-7] INFO  case1.tools.Monitor - {"timestamp": "1524422793310","calling": "execution(Second case1.controller.SecondController.getSecond(String))", "Thread": "Thread[http-nio-8082-exec-7,5,main]", "type": "contollerEnd"}
18756 [http-nio-8082-exec-1] INFO  case1.tools.Monitor - {"timestamp": "1524422907952","calling": "execution(String case1.controller.FirstController.updateFirst(First))", "Thread": "Thread[http-nio-8082-exec-1,5,main]", "type": "contollerStart"}
18827 [http-nio-8082-exec-1] INFO  case1.tools.Monitor - {"timestamp": "1524422908023","calling": "execution(Object org.springframework.data.repository.CrudRepository.save(Object))", "Thread": "Thread[http-nio-8082-exec-1,5,main]", "type": "repository"}
18827 [http-nio-8082-exec-1] INFO  case1.tools.Monitor - {"timestamp": "1524422908023","calling": "execution(String case1.controller.FirstController.updateFirst(First))", "Thread": "Thread[http-nio-8082-exec-1,5,main]", "type": "contollerEnd"}
18858 [http-nio-8082-exec-2] INFO  case1.tools.Monitor - {"timestamp": "1524422908054","calling": "execution(First case1.controller.FirstController.getFirst(String))", "Thread": "Thread[http-nio-8082-exec-2,5,main]", "type": "contollerStart"}
18904 [http-nio-8082-exec-2] INFO  case1.tools.Monitor - {"timestamp": "1524422908100","calling": "execution(First case1.db.FirstRepository.findByUuid(String))", "Thread": "Thread[http-nio-8082-exec-2,5,main]", "type": "repository"}
18904 [http-nio-8082-exec-2] INFO  case1.tools.Monitor - {"timestamp": "1524422908100","calling": "execution(First case1.controller.FirstController.getFirst(String))", "Thread": "Thread[http-nio-8082-exec-2,5,main]", "type": "contollerEnd"}
18940 [http-nio-8082-exec-4] INFO  case1.tools.Monitor - {"timestamp": "1524422908136","calling": "execution(String case1.controller.SecondController.updateFirst(Second))", "Thread": "Thread[http-nio-8082-exec-4,5,main]", "type": "contollerStart"}
18947 [http-nio-8082-exec-4] INFO  case1.tools.Monitor - {"timestamp": "1524422908143","calling": "execution(Object org.springframework.data.repository.CrudRepository.save(Object))", "Thread": "Thread[http-nio-8082-exec-4,5,main]", "type": "repository"}
18948 [http-nio-8082-exec-4] INFO  case1.tools.Monitor - {"timestamp": "1524422908144","calling": "execution(String case1.controller.SecondController.updateFirst(Second))", "Thread": "Thread[http-nio-8082-exec-4,5,main]", "type": "contollerEnd"}
18968 [http-nio-8082-exec-5] INFO  case1.tools.Monitor - {"timestamp": "1524422908164","calling": "execution(Second case1.controller.SecondController.getSecond(String))", "Thread": "Thread[http-nio-8082-exec-5,5,main]", "type": "contollerStart"}
18970 [http-nio-8082-exec-5] INFO  case1.tools.Monitor - {"timestamp": "1524422908166","calling": "execution(Second case1.db.SecondRepository.findByUuid(String))", "Thread": "Thread[http-nio-8082-exec-5,5,main]", "type": "repository"}
18970 [http-nio-8082-exec-5] INFO  case1.tools.Monitor - {"timestamp": "1524422908166","calling": "execution(Second case1.controller.SecondController.getSecond(String))", "Thread": "Thread[http-nio-8082-exec-5,5,main]", "type": "contollerEnd"}
18991 [http-nio-8082-exec-7] INFO  case1.tools.Monitor - {"timestamp": "1524422908187","calling": "execution(String case1.controller.FirstController.updateFirst(First))", "Thread": "Thread[http-nio-8082-exec-7,5,main]", "type": "contollerStart"}
18992 [http-nio-8082-exec-7] INFO  case1.tools.Monitor - {"timestamp": "1524422908188","calling": "execution(Object org.springframework.data.repository.CrudRepository.save(Object))", "Thread": "Thread[http-nio-8082-exec-7,5,main]", "type": "repository"}
18993 [http-nio-8082-exec-7] INFO  case1.tools.Monitor - {"timestamp": "1524422908189","calling": "execution(String case1.controller.FirstController.updateFirst(First))", "Thread": "Thread[http-nio-8082-exec-7,5,main]", "type": "contollerEnd"}
19012 [http-nio-8082-exec-8] INFO  case1.tools.Monitor - {"timestamp": "1524422908208","calling": "execution(First case1.controller.FirstController.getFirst(String))", "Thread": "Thread[http-nio-8082-exec-8,5,main]", "type": "contollerStart"}
19013 [http-nio-8082-exec-8] INFO  case1.tools.Monitor - {"timestamp": "1524422908209","calling": "execution(First case1.db.FirstRepository.findByUuid(String))", "Thread": "Thread[http-nio-8082-exec-8,5,main]", "type": "repository"}
19014 [http-nio-8082-exec-8] INFO  case1.tools.Monitor - {"timestamp": "1524422908210","calling": "execution(First case1.controller.FirstController.getFirst(String))", "Thread": "Thread[http-nio-8082-exec-8,5,main]", "type": "contollerEnd"}
19034 [http-nio-8082-exec-10] INFO  case1.tools.Monitor - {"timestamp": "1524422908230","calling": "execution(String case1.controller.SecondController.updateFirst(Second))", "Thread": "Thread[http-nio-8082-exec-10,5,main]", "type": "contollerStart"}
19035 [http-nio-8082-exec-10] INFO  case1.tools.Monitor - {"timestamp": "1524422908231","calling": "execution(Object org.springframework.data.repository.CrudRepository.save(Object))", "Thread": "Thread[http-nio-8082-exec-10,5,main]", "type": "repository"}
19036 [http-nio-8082-exec-10] INFO  case1.tools.Monitor - {"timestamp": "1524422908232","calling": "execution(String case1.controller.SecondController.updateFirst(Second))", "Thread": "Thread[http-nio-8082-exec-10,5,main]", "type": "contollerEnd"}
19055 [http-nio-8082-exec-1] INFO  case1.tools.Monitor - {"timestamp": "1524422908251","calling": "execution(Second case1.controller.SecondController.getSecond(String))", "Thread": "Thread[http-nio-8082-exec-1,5,main]", "type": "contollerStart"}
19056 [http-nio-8082-exec-1] INFO  case1.tools.Monitor - {"timestamp": "1524422908252","calling": "execution(Second case1.db.SecondRepository.findByUuid(String))", "Thread": "Thread[http-nio-8082-exec-1,5,main]", "type": "repository"}
19056 [http-nio-8082-exec-1] INFO  case1.tools.Monitor - {"timestamp": "1524422908252","calling": "execution(Second case1.controller.SecondController.getSecond(String))", "Thread": "Thread[http-nio-8082-exec-1,5,main]", "type": "contollerEnd"}
19076 [http-nio-8082-exec-3] INFO  case1.tools.Monitor - {"timestamp": "1524422908272","calling": "execution(String case1.controller.FirstController.updateFirst(First))", "Thread": "Thread[http-nio-8082-exec-3,5,main]", "type": "contollerStart"}
19078 [http-nio-8082-exec-3] INFO  case1.tools.Monitor - {"timestamp": "1524422908274","calling": "execution(Object org.springframework.data.repository.CrudRepository.save(Object))", "Thread": "Thread[http-nio-8082-exec-3,5,main]", "type": "repository"}
19078 [http-nio-8082-exec-3] INFO  case1.tools.Monitor - {"timestamp": "1524422908274","calling": "execution(String case1.controller.FirstController.updateFirst(First))", "Thread": "Thread[http-nio-8082-exec-3,5,main]", "type": "contollerEnd"}
19099 [http-nio-8082-exec-4] INFO  case1.tools.Monitor - {"timestamp": "1524422908295","calling": "execution(First case1.controller.FirstController.getFirst(String))", "Thread": "Thread[http-nio-8082-exec-4,5,main]", "type": "contollerStart"}
19100 [http-nio-8082-exec-4] INFO  case1.tools.Monitor - {"timestamp": "1524422908296","calling": "execution(First case1.db.FirstRepository.findByUuid(String))", "Thread": "Thread[http-nio-8082-exec-4,5,main]", "type": "repository"}
19101 [http-nio-8082-exec-4] INFO  case1.tools.Monitor - {"timestamp": "1524422908297","calling": "execution(First case1.controller.FirstController.getFirst(String))", "Thread": "Thread[http-nio-8082-exec-4,5,main]", "type": "contollerEnd"}
19122 [http-nio-8082-exec-6] INFO  case1.tools.Monitor - {"timestamp": "1524422908318","calling": "execution(String case1.controller.SecondController.updateFirst(Second))", "Thread": "Thread[http-nio-8082-exec-6,5,main]", "type": "contollerStart"}
19125 [http-nio-8082-exec-6] INFO  case1.tools.Monitor - {"timestamp": "1524422908321","calling": "execution(Object org.springframework.data.repository.CrudRepository.save(Object))", "Thread": "Thread[http-nio-8082-exec-6,5,main]", "type": "repository"}
19125 [http-nio-8082-exec-6] INFO  case1.tools.Monitor - {"timestamp": "1524422908321","calling": "execution(String case1.controller.SecondController.updateFirst(Second))", "Thread": "Thread[http-nio-8082-exec-6,5,main]", "type": "contollerEnd"}
19147 [http-nio-8082-exec-7] INFO  case1.tools.Monitor - {"timestamp": "1524422908343","calling": "execution(Second case1.controller.SecondController.getSecond(String))", "Thread": "Thread[http-nio-8082-exec-7,5,main]", "type": "contollerStart"}
19148 [http-nio-8082-exec-7] INFO  case1.tools.Monitor - {"timestamp": "1524422908344","calling": "execution(Second case1.db.SecondRepository.findByUuid(String))", "Thread": "Thread[http-nio-8082-exec-7,5,main]", "type": "repository"}
19148 [http-nio-8082-exec-7] INFO  case1.tools.Monitor - {"timestamp": "1524422908344","calling": "execution(Second case1.controller.SecondController.getSecond(String))", "Thread": "Thread[http-nio-8082-exec-7,5,main]", "type": "contollerEnd"}
19167 [http-nio-8082-exec-9] INFO  case1.tools.Monitor - {"timestamp": "1524422908363","calling": "execution(String case1.controller.FirstController.updateFirst(First))", "Thread": "Thread[http-nio-8082-exec-9,5,main]", "type": "contollerStart"}
19169 [http-nio-8082-exec-9] INFO  case1.tools.Monitor - {"timestamp": "1524422908365","calling": "execution(Object org.springframework.data.repository.CrudRepository.save(Object))", "Thread": "Thread[http-nio-8082-exec-9,5,main]", "type": "repository"}
19169 [http-nio-8082-exec-9] INFO  case1.tools.Monitor - {"timestamp": "1524422908365","calling": "execution(String case1.controller.FirstController.updateFirst(First))", "Thread": "Thread[http-nio-8082-exec-9,5,main]", "type": "contollerEnd"}
19188 [http-nio-8082-exec-10] INFO  case1.tools.Monitor - {"timestamp": "1524422908384","calling": "execution(First case1.controller.FirstController.getFirst(String))", "Thread": "Thread[http-nio-8082-exec-10,5,main]", "type": "contollerStart"}
19189 [http-nio-8082-exec-10] INFO  case1.tools.Monitor - {"timestamp": "1524422908385","calling": "execution(First case1.db.FirstRepository.findByUuid(String))", "Thread": "Thread[http-nio-8082-exec-10,5,main]", "type": "repository"}
19189 [http-nio-8082-exec-10] INFO  case1.tools.Monitor - {"timestamp": "1524422908385","calling": "execution(First case1.controller.FirstController.getFirst(String))", "Thread": "Thread[http-nio-8082-exec-10,5,main]", "type": "contollerEnd"}
19210 [http-nio-8082-exec-2] INFO  case1.tools.Monitor - {"timestamp": "1524422908406","calling": "execution(String case1.controller.SecondController.updateFirst(Second))", "Thread": "Thread[http-nio-8082-exec-2,5,main]", "type": "contollerStart"}
19212 [http-nio-8082-exec-2] INFO  case1.tools.Monitor - {"timestamp": "1524422908408","calling": "execution(Object org.springframework.data.repository.CrudRepository.save(Object))", "Thread": "Thread[http-nio-8082-exec-2,5,main]", "type": "repository"}
19213 [http-nio-8082-exec-2] INFO  case1.tools.Monitor - {"timestamp": "1524422908409","calling": "execution(String case1.controller.SecondController.updateFirst(Second))", "Thread": "Thread[http-nio-8082-exec-2,5,main]", "type": "contollerEnd"}
19233 [http-nio-8082-exec-3] INFO  case1.tools.Monitor - {"timestamp": "1524422908429","calling": "execution(Second case1.controller.SecondController.getSecond(String))", "Thread": "Thread[http-nio-8082-exec-3,5,main]", "type": "contollerStart"}
19235 [http-nio-8082-exec-3] INFO  case1.tools.Monitor - {"timestamp": "1524422908431","calling": "execution(Second case1.db.SecondRepository.findByUuid(String))", "Thread": "Thread[http-nio-8082-exec-3,5,main]", "type": "repository"}
19236 [http-nio-8082-exec-3] INFO  case1.tools.Monitor - {"timestamp": "1524422908432","calling": "execution(Second case1.controller.SecondController.getSecond(String))", "Thread": "Thread[http-nio-8082-exec-3,5,main]", "type": "contollerEnd"}
19256 [http-nio-8082-exec-5] INFO  case1.tools.Monitor - {"timestamp": "1524422908452","calling": "execution(String case1.controller.FirstController.updateFirst(First))", "Thread": "Thread[http-nio-8082-exec-5,5,main]", "type": "contollerStart"}
19257 [http-nio-8082-exec-5] INFO  case1.tools.Monitor - {"timestamp": "1524422908453","calling": "execution(Object org.springframework.data.repository.CrudRepository.save(Object))", "Thread": "Thread[http-nio-8082-exec-5,5,main]", "type": "repository"}
19258 [http-nio-8082-exec-5] INFO  case1.tools.Monitor - {"timestamp": "1524422908454","calling": "execution(String case1.controller.FirstController.updateFirst(First))", "Thread": "Thread[http-nio-8082-exec-5,5,main]", "type": "contollerEnd"}
19276 [http-nio-8082-exec-6] INFO  case1.tools.Monitor - {"timestamp": "1524422908472","calling": "execution(First case1.controller.FirstController.getFirst(String))", "Thread": "Thread[http-nio-8082-exec-6,5,main]", "type": "contollerStart"}
19277 [http-nio-8082-exec-6] INFO  case1.tools.Monitor - {"timestamp": "1524422908473","calling": "execution(First case1.db.FirstRepository.findByUuid(String))", "Thread": "Thread[http-nio-8082-exec-6,5,main]", "type": "repository"}
19278 [http-nio-8082-exec-6] INFO  case1.tools.Monitor - {"timestamp": "1524422908474","calling": "execution(First case1.controller.FirstController.getFirst(String))", "Thread": "Thread[http-nio-8082-exec-6,5,main]", "type": "contollerEnd"}
19297 [http-nio-8082-exec-8] INFO  case1.tools.Monitor - {"timestamp": "1524422908493","calling": "execution(String case1.controller.SecondController.updateFirst(Second))", "Thread": "Thread[http-nio-8082-exec-8,5,main]", "type": "contollerStart"}
19299 [http-nio-8082-exec-8] INFO  case1.tools.Monitor - {"timestamp": "1524422908495","calling": "execution(Object org.springframework.data.repository.CrudRepository.save(Object))", "Thread": "Thread[http-nio-8082-exec-8,5,main]", "type": "repository"}
19299 [http-nio-8082-exec-8] INFO  case1.tools.Monitor - {"timestamp": "1524422908495","calling": "execution(String case1.controller.SecondController.updateFirst(Second))", "Thread": "Thread[http-nio-8082-exec-8,5,main]", "type": "contollerEnd"}
19317 [http-nio-8082-exec-9] INFO  case1.tools.Monitor - {"timestamp": "1524422908513","calling": "execution(Second case1.controller.SecondController.getSecond(String))", "Thread": "Thread[http-nio-8082-exec-9,5,main]", "type": "contollerStart"}
19318 [http-nio-8082-exec-9] INFO  case1.tools.Monitor - {"timestamp": "1524422908514","calling": "execution(Second case1.db.SecondRepository.findByUuid(String))", "Thread": "Thread[http-nio-8082-exec-9,5,main]", "type": "repository"}
19319 [http-nio-8082-exec-9] INFO  case1.tools.Monitor - {"timestamp": "1524422908515","calling": "execution(Second case1.controller.SecondController.getSecond(String))", "Thread": "Thread[http-nio-8082-exec-9,5,main]", "type": "contollerEnd"}
19340 [http-nio-8082-exec-1] INFO  case1.tools.Monitor - {"timestamp": "1524422908536","calling": "execution(String case1.controller.FirstController.updateFirst(First))", "Thread": "Thread[http-nio-8082-exec-1,5,main]", "type": "contollerStart"}
19341 [http-nio-8082-exec-1] INFO  case1.tools.Monitor - {"timestamp": "1524422908537","calling": "execution(Object org.springframework.data.repository.CrudRepository.save(Object))", "Thread": "Thread[http-nio-8082-exec-1,5,main]", "type": "repository"}
19341 [http-nio-8082-exec-1] INFO  case1.tools.Monitor - {"timestamp": "1524422908537","calling": "execution(String case1.controller.FirstController.updateFirst(First))", "Thread": "Thread[http-nio-8082-exec-1,5,main]", "type": "contollerEnd"}
19361 [http-nio-8082-exec-2] INFO  case1.tools.Monitor - {"timestamp": "1524422908557","calling": "execution(First case1.controller.FirstController.getFirst(String))", "Thread": "Thread[http-nio-8082-exec-2,5,main]", "type": "contollerStart"}
19362 [http-nio-8082-exec-2] INFO  case1.tools.Monitor - {"timestamp": "1524422908558","calling": "execution(First case1.db.FirstRepository.findByUuid(String))", "Thread": "Thread[http-nio-8082-exec-2,5,main]", "type": "repository"}
19362 [http-nio-8082-exec-2] INFO  case1.tools.Monitor - {"timestamp": "1524422908558","calling": "execution(First case1.controller.FirstController.getFirst(String))", "Thread": "Thread[http-nio-8082-exec-2,5,main]", "type": "contollerEnd"}
19382 [http-nio-8082-exec-4] INFO  case1.tools.Monitor - {"timestamp": "1524422908578","calling": "execution(String case1.controller.SecondController.updateFirst(Second))", "Thread": "Thread[http-nio-8082-exec-4,5,main]", "type": "contollerStart"}
19384 [http-nio-8082-exec-4] INFO  case1.tools.Monitor - {"timestamp": "1524422908580","calling": "execution(Object org.springframework.data.repository.CrudRepository.save(Object))", "Thread": "Thread[http-nio-8082-exec-4,5,main]", "type": "repository"}
19384 [http-nio-8082-exec-4] INFO  case1.tools.Monitor - {"timestamp": "1524422908580","calling": "execution(String case1.controller.SecondController.updateFirst(Second))", "Thread": "Thread[http-nio-8082-exec-4,5,main]", "type": "contollerEnd"}
19403 [http-nio-8082-exec-5] INFO  case1.tools.Monitor - {"timestamp": "1524422908599","calling": "execution(Second case1.controller.SecondController.getSecond(String))", "Thread": "Thread[http-nio-8082-exec-5,5,main]", "type": "contollerStart"}
19404 [http-nio-8082-exec-5] INFO  case1.tools.Monitor - {"timestamp": "1524422908600","calling": "execution(Second case1.db.SecondRepository.findByUuid(String))", "Thread": "Thread[http-nio-8082-exec-5,5,main]", "type": "repository"}
19405 [http-nio-8082-exec-5] INFO  case1.tools.Monitor - {"timestamp": "1524422908601","calling": "execution(Second case1.controller.SecondController.getSecond(String))", "Thread": "Thread[http-nio-8082-exec-5,5,main]", "type": "contollerEnd"}
19423 [http-nio-8082-exec-7] INFO  case1.tools.Monitor - {"timestamp": "1524422908619","calling": "execution(String case1.controller.FirstController.updateFirst(First))", "Thread": "Thread[http-nio-8082-exec-7,5,main]", "type": "contollerStart"}
19425 [http-nio-8082-exec-7] INFO  case1.tools.Monitor - {"timestamp": "1524422908621","calling": "execution(Object org.springframework.data.repository.CrudRepository.save(Object))", "Thread": "Thread[http-nio-8082-exec-7,5,main]", "type": "repository"}
19425 [http-nio-8082-exec-7] INFO  case1.tools.Monitor - {"timestamp": "1524422908621","calling": "execution(String case1.controller.FirstController.updateFirst(First))", "Thread": "Thread[http-nio-8082-exec-7,5,main]", "type": "contollerEnd"}
19445 [http-nio-8082-exec-8] INFO  case1.tools.Monitor - {"timestamp": "1524422908641","calling": "execution(First case1.controller.FirstController.getFirst(String))", "Thread": "Thread[http-nio-8082-exec-8,5,main]", "type": "contollerStart"}
19446 [http-nio-8082-exec-8] INFO  case1.tools.Monitor - {"timestamp": "1524422908642","calling": "execution(First case1.db.FirstRepository.findByUuid(String))", "Thread": "Thread[http-nio-8082-exec-8,5,main]", "type": "repository"}
19447 [http-nio-8082-exec-8] INFO  case1.tools.Monitor - {"timestamp": "1524422908643","calling": "execution(First case1.controller.FirstController.getFirst(String))", "Thread": "Thread[http-nio-8082-exec-8,5,main]", "type": "contollerEnd"}
19467 [http-nio-8082-exec-10] INFO  case1.tools.Monitor - {"timestamp": "1524422908663","calling": "execution(String case1.controller.SecondController.updateFirst(Second))", "Thread": "Thread[http-nio-8082-exec-10,5,main]", "type": "contollerStart"}
19468 [http-nio-8082-exec-10] INFO  case1.tools.Monitor - {"timestamp": "1524422908664","calling": "execution(Object org.springframework.data.repository.CrudRepository.save(Object))", "Thread": "Thread[http-nio-8082-exec-10,5,main]", "type": "repository"}
19469 [http-nio-8082-exec-10] INFO  case1.tools.Monitor - {"timestamp": "1524422908665","calling": "execution(String case1.controller.SecondController.updateFirst(Second))", "Thread": "Thread[http-nio-8082-exec-10,5,main]", "type": "contollerEnd"}
19488 [http-nio-8082-exec-1] INFO  case1.tools.Monitor - {"timestamp": "1524422908684","calling": "execution(Second case1.controller.SecondController.getSecond(String))", "Thread": "Thread[http-nio-8082-exec-1,5,main]", "type": "contollerStart"}
19489 [http-nio-8082-exec-1] INFO  case1.tools.Monitor - {"timestamp": "1524422908685","calling": "execution(Second case1.db.SecondRepository.findByUuid(String))", "Thread": "Thread[http-nio-8082-exec-1,5,main]", "type": "repository"}
19489 [http-nio-8082-exec-1] INFO  case1.tools.Monitor - {"timestamp": "1524422908685","calling": "execution(Second case1.controller.SecondController.getSecond(String))", "Thread": "Thread[http-nio-8082-exec-1,5,main]", "type": "contollerEnd"}
19509 [http-nio-8082-exec-3] INFO  case1.tools.Monitor - {"timestamp": "1524422908705","calling": "execution(String case1.controller.FirstController.updateFirst(First))", "Thread": "Thread[http-nio-8082-exec-3,5,main]", "type": "contollerStart"}
19511 [http-nio-8082-exec-3] INFO  case1.tools.Monitor - {"timestamp": "1524422908707","calling": "execution(Object org.springframework.data.repository.CrudRepository.save(Object))", "Thread": "Thread[http-nio-8082-exec-3,5,main]", "type": "repository"}
19511 [http-nio-8082-exec-3] INFO  case1.tools.Monitor - {"timestamp": "1524422908707","calling": "execution(String case1.controller.FirstController.updateFirst(First))", "Thread": "Thread[http-nio-8082-exec-3,5,main]", "type": "contollerEnd"}
19532 [http-nio-8082-exec-4] INFO  case1.tools.Monitor - {"timestamp": "1524422908728","calling": "execution(First case1.controller.FirstController.getFirst(String))", "Thread": "Thread[http-nio-8082-exec-4,5,main]", "type": "contollerStart"}
19534 [http-nio-8082-exec-4] INFO  case1.tools.Monitor - {"timestamp": "1524422908730","calling": "execution(First case1.db.FirstRepository.findByUuid(String))", "Thread": "Thread[http-nio-8082-exec-4,5,main]", "type": "repository"}
19534 [http-nio-8082-exec-4] INFO  case1.tools.Monitor - {"timestamp": "1524422908730","calling": "execution(First case1.controller.FirstController.getFirst(String))", "Thread": "Thread[http-nio-8082-exec-4,5,main]", "type": "contollerEnd"}
19555 [http-nio-8082-exec-6] INFO  case1.tools.Monitor - {"timestamp": "1524422908751","calling": "execution(String case1.controller.SecondController.updateFirst(Second))", "Thread": "Thread[http-nio-8082-exec-6,5,main]", "type": "contollerStart"}
19557 [http-nio-8082-exec-6] INFO  case1.tools.Monitor - {"timestamp": "1524422908753","calling": "execution(Object org.springframework.data.repository.CrudRepository.save(Object))", "Thread": "Thread[http-nio-8082-exec-6,5,main]", "type": "repository"}
19558 [http-nio-8082-exec-6] INFO  case1.tools.Monitor - {"timestamp": "1524422908754","calling": "execution(String case1.controller.SecondController.updateFirst(Second))", "Thread": "Thread[http-nio-8082-exec-6,5,main]", "type": "contollerEnd"}
19577 [http-nio-8082-exec-7] INFO  case1.tools.Monitor - {"timestamp": "1524422908773","calling": "execution(Second case1.controller.SecondController.getSecond(String))", "Thread": "Thread[http-nio-8082-exec-7,5,main]", "type": "contollerStart"}
19579 [http-nio-8082-exec-7] INFO  case1.tools.Monitor - {"timestamp": "1524422908775","calling": "execution(Second case1.db.SecondRepository.findByUuid(String))", "Thread": "Thread[http-nio-8082-exec-7,5,main]", "type": "repository"}
19579 [http-nio-8082-exec-7] INFO  case1.tools.Monitor - {"timestamp": "1524422908775","calling": "execution(Second case1.controller.SecondController.getSecond(String))", "Thread": "Thread[http-nio-8082-exec-7,5,main]", "type": "contollerEnd"}
19599 [http-nio-8082-exec-9] INFO  case1.tools.Monitor - {"timestamp": "1524422908795","calling": "execution(String case1.controller.FirstController.updateFirst(First))", "Thread": "Thread[http-nio-8082-exec-9,5,main]", "type": "contollerStart"}
19600 [http-nio-8082-exec-9] INFO  case1.tools.Monitor - {"timestamp": "1524422908796","calling": "execution(Object org.springframework.data.repository.CrudRepository.save(Object))", "Thread": "Thread[http-nio-8082-exec-9,5,main]", "type": "repository"}
19600 [http-nio-8082-exec-9] INFO  case1.tools.Monitor - {"timestamp": "1524422908796","calling": "execution(String case1.controller.FirstController.updateFirst(First))", "Thread": "Thread[http-nio-8082-exec-9,5,main]", "type": "contollerEnd"}
19620 [http-nio-8082-exec-10] INFO  case1.tools.Monitor - {"timestamp": "1524422908816","calling": "execution(First case1.controller.FirstController.getFirst(String))", "Thread": "Thread[http-nio-8082-exec-10,5,main]", "type": "contollerStart"}
19621 [http-nio-8082-exec-10] INFO  case1.tools.Monitor - {"timestamp": "1524422908817","calling": "execution(First case1.db.FirstRepository.findByUuid(String))", "Thread": "Thread[http-nio-8082-exec-10,5,main]", "type": "repository"}
19622 [http-nio-8082-exec-10] INFO  case1.tools.Monitor - {"timestamp": "1524422908818","calling": "execution(First case1.controller.FirstController.getFirst(String))", "Thread": "Thread[http-nio-8082-exec-10,5,main]", "type": "contollerEnd"}
19641 [http-nio-8082-exec-2] INFO  case1.tools.Monitor - {"timestamp": "1524422908837","calling": "execution(String case1.controller.SecondController.updateFirst(Second))", "Thread": "Thread[http-nio-8082-exec-2,5,main]", "type": "contollerStart"}
19643 [http-nio-8082-exec-2] INFO  case1.tools.Monitor - {"timestamp": "1524422908839","calling": "execution(Object org.springframework.data.repository.CrudRepository.save(Object))", "Thread": "Thread[http-nio-8082-exec-2,5,main]", "type": "repository"}
19643 [http-nio-8082-exec-2] INFO  case1.tools.Monitor - {"timestamp": "1524422908839","calling": "execution(String case1.controller.SecondController.updateFirst(Second))", "Thread": "Thread[http-nio-8082-exec-2,5,main]", "type": "contollerEnd"}
19664 [http-nio-8082-exec-3] INFO  case1.tools.Monitor - {"timestamp": "1524422908860","calling": "execution(Second case1.controller.SecondController.getSecond(String))", "Thread": "Thread[http-nio-8082-exec-3,5,main]", "type": "contollerStart"}
19665 [http-nio-8082-exec-3] INFO  case1.tools.Monitor - {"timestamp": "1524422908861","calling": "execution(Second case1.db.SecondRepository.findByUuid(String))", "Thread": "Thread[http-nio-8082-exec-3,5,main]", "type": "repository"}
19666 [http-nio-8082-exec-3] INFO  case1.tools.Monitor - {"timestamp": "1524422908862","calling": "execution(Second case1.controller.SecondController.getSecond(String))", "Thread": "Thread[http-nio-8082-exec-3,5,main]", "type": "contollerEnd"}
19685 [http-nio-8082-exec-5] INFO  case1.tools.Monitor - {"timestamp": "1524422908881","calling": "execution(String case1.controller.FirstController.updateFirst(First))", "Thread": "Thread[http-nio-8082-exec-5,5,main]", "type": "contollerStart"}
19687 [http-nio-8082-exec-5] INFO  case1.tools.Monitor - {"timestamp": "1524422908883","calling": "execution(Object org.springframework.data.repository.CrudRepository.save(Object))", "Thread": "Thread[http-nio-8082-exec-5,5,main]", "type": "repository"}
19687 [http-nio-8082-exec-5] INFO  case1.tools.Monitor - {"timestamp": "1524422908883","calling": "execution(String case1.controller.FirstController.updateFirst(First))", "Thread": "Thread[http-nio-8082-exec-5,5,main]", "type": "contollerEnd"}
19706 [http-nio-8082-exec-6] INFO  case1.tools.Monitor - {"timestamp": "1524422908902","calling": "execution(First case1.controller.FirstController.getFirst(String))", "Thread": "Thread[http-nio-8082-exec-6,5,main]", "type": "contollerStart"}
19707 [http-nio-8082-exec-6] INFO  case1.tools.Monitor - {"timestamp": "1524422908903","calling": "execution(First case1.db.FirstRepository.findByUuid(String))", "Thread": "Thread[http-nio-8082-exec-6,5,main]", "type": "repository"}
19707 [http-nio-8082-exec-6] INFO  case1.tools.Monitor - {"timestamp": "1524422908903","calling": "execution(First case1.controller.FirstController.getFirst(String))", "Thread": "Thread[http-nio-8082-exec-6,5,main]", "type": "contollerEnd"}
19727 [http-nio-8082-exec-8] INFO  case1.tools.Monitor - {"timestamp": "1524422908923","calling": "execution(String case1.controller.SecondController.updateFirst(Second))", "Thread": "Thread[http-nio-8082-exec-8,5,main]", "type": "contollerStart"}
19729 [http-nio-8082-exec-8] INFO  case1.tools.Monitor - {"timestamp": "1524422908925","calling": "execution(Object org.springframework.data.repository.CrudRepository.save(Object))", "Thread": "Thread[http-nio-8082-exec-8,5,main]", "type": "repository"}
19729 [http-nio-8082-exec-8] INFO  case1.tools.Monitor - {"timestamp": "1524422908925","calling": "execution(String case1.controller.SecondController.updateFirst(Second))", "Thread": "Thread[http-nio-8082-exec-8,5,main]", "type": "contollerEnd"}
19750 [http-nio-8082-exec-9] INFO  case1.tools.Monitor - {"timestamp": "1524422908946","calling": "execution(Second case1.controller.SecondController.getSecond(String))", "Thread": "Thread[http-nio-8082-exec-9,5,main]", "type": "contollerStart"}
19751 [http-nio-8082-exec-9] INFO  case1.tools.Monitor - {"timestamp": "1524422908947","calling": "execution(Second case1.db.SecondRepository.findByUuid(String))", "Thread": "Thread[http-nio-8082-exec-9,5,main]", "type": "repository"}
19752 [http-nio-8082-exec-9] INFO  case1.tools.Monitor - {"timestamp": "1524422908948","calling": "execution(Second case1.controller.SecondController.getSecond(String))", "Thread": "Thread[http-nio-8082-exec-9,5,main]", "type": "contollerEnd"}
