{"timestamp": "1524496340897","calling": "execution(String case1.controller.FirstController.updateFirst(First))", "Thread": "Thread[http-nio-8082-exec-1,5,main]", "type": "contollerStart"}
{"timestamp": "1524496340959","calling": "execution(Object org.springframework.data.repository.CrudRepository.save(Object))", "Thread": "Thread[http-nio-8082-exec-1,5,main]", "type": "repository"}
{"timestamp": "1524496340960","calling": "execution(String case1.controller.FirstController.updateFirst(First))", "Thread": "Thread[http-nio-8082-exec-1,5,main]", "type": "contollerEnd"}
{"timestamp": "1524496340991","calling": "execution(First case1.controller.FirstController.getFirst(String))", "Thread": "Thread[http-nio-8082-exec-2,5,main]", "type": "contollerStart"}
{"timestamp": "1524496341045","calling": "execution(First case1.db.FirstRepository.findByUuid(String))", "Thread": "Thread[http-nio-8082-exec-2,5,main]", "type": "repository"}
{"timestamp": "1524496341045","calling": "execution(First case1.controller.FirstController.getFirst(String))", "Thread": "Thread[http-nio-8082-exec-2,5,main]", "type": "contollerEnd"}
{"timestamp": "1524496341085","calling": "execution(String case1.controller.SecondController.updateFirst(Second))", "Thread": "Thread[http-nio-8082-exec-3,5,main]", "type": "contollerStart"}
{"timestamp": "1524496341094","calling": "execution(Object org.springframework.data.repository.CrudRepository.save(Object))", "Thread": "Thread[http-nio-8082-exec-3,5,main]", "type": "repository"}
{"timestamp": "1524496341095","calling": "execution(String case1.controller.SecondController.updateFirst(Second))", "Thread": "Thread[http-nio-8082-exec-3,5,main]", "type": "contollerEnd"}
{"timestamp": "1524496341115","calling": "execution(Second case1.controller.SecondController.getSecond(String))", "Thread": "Thread[http-nio-8082-exec-4,5,main]", "type": "contollerStart"}
{"timestamp": "1524496341117","calling": "execution(Second case1.db.SecondRepository.findByUuid(String))", "Thread": "Thread[http-nio-8082-exec-4,5,main]", "type": "repository"}
{"timestamp": "1524496341117","calling": "execution(Second case1.controller.SecondController.getSecond(String))", "Thread": "Thread[http-nio-8082-exec-4,5,main]", "type": "contollerEnd"}
{"timestamp": "1524496341140","calling": "execution(String case1.controller.FirstController.updateFirst(First))", "Thread": "Thread[http-nio-8082-exec-6,5,main]", "type": "contollerStart"}
{"timestamp": "1524496341142","calling": "execution(Object org.springframework.data.repository.CrudRepository.save(Object))", "Thread": "Thread[http-nio-8082-exec-6,5,main]", "type": "repository"}
{"timestamp": "1524496341142","calling": "execution(String case1.controller.FirstController.updateFirst(First))", "Thread": "Thread[http-nio-8082-exec-6,5,main]", "type": "contollerEnd"}
{"timestamp": "1524496341163","calling": "execution(First case1.controller.FirstController.getFirst(String))", "Thread": "Thread[http-nio-8082-exec-7,5,main]", "type": "contollerStart"}
{"timestamp": "1524496341164","calling": "execution(First case1.db.FirstRepository.findByUuid(String))", "Thread": "Thread[http-nio-8082-exec-7,5,main]", "type": "repository"}
{"timestamp": "1524496341164","calling": "execution(First case1.controller.FirstController.getFirst(String))", "Thread": "Thread[http-nio-8082-exec-7,5,main]", "type": "contollerEnd"}
{"timestamp": "1524496341186","calling": "execution(String case1.controller.SecondController.updateFirst(Second))", "Thread": "Thread[http-nio-8082-exec-8,5,main]", "type": "contollerStart"}
{"timestamp": "1524496341188","calling": "execution(Object org.springframework.data.repository.CrudRepository.save(Object))", "Thread": "Thread[http-nio-8082-exec-8,5,main]", "type": "repository"}
{"timestamp": "1524496341188","calling": "execution(String case1.controller.SecondController.updateFirst(Second))", "Thread": "Thread[http-nio-8082-exec-8,5,main]", "type": "contollerEnd"}
{"timestamp": "1524496341208","calling": "execution(Second case1.controller.SecondController.getSecond(String))", "Thread": "Thread[http-nio-8082-exec-9,5,main]", "type": "contollerStart"}
{"timestamp": "1524496341209","calling": "execution(Second case1.db.SecondRepository.findByUuid(String))", "Thread": "Thread[http-nio-8082-exec-9,5,main]", "type": "repository"}
{"timestamp": "1524496341209","calling": "execution(Second case1.controller.SecondController.getSecond(String))", "Thread": "Thread[http-nio-8082-exec-9,5,main]", "type": "contollerEnd"}
{"timestamp": "1524496341234","calling": "execution(String case1.controller.FirstController.updateFirst(First))", "Thread": "Thread[http-nio-8082-exec-1,5,main]", "type": "contollerStart"}
{"timestamp": "1524496341235","calling": "execution(Object org.springframework.data.repository.CrudRepository.save(Object))", "Thread": "Thread[http-nio-8082-exec-1,5,main]", "type": "repository"}
{"timestamp": "1524496341235","calling": "execution(String case1.controller.FirstController.updateFirst(First))", "Thread": "Thread[http-nio-8082-exec-1,5,main]", "type": "contollerEnd"}
{"timestamp": "1524496341257","calling": "execution(First case1.controller.FirstController.getFirst(String))", "Thread": "Thread[http-nio-8082-exec-2,5,main]", "type": "contollerStart"}
{"timestamp": "1524496341258","calling": "execution(First case1.db.FirstRepository.findByUuid(String))", "Thread": "Thread[http-nio-8082-exec-2,5,main]", "type": "repository"}
{"timestamp": "1524496341258","calling": "execution(First case1.controller.FirstController.getFirst(String))", "Thread": "Thread[http-nio-8082-exec-2,5,main]", "type": "contollerEnd"}
{"timestamp": "1524496341276","calling": "execution(String case1.controller.SecondController.updateFirst(Second))", "Thread": "Thread[http-nio-8082-exec-3,5,main]", "type": "contollerStart"}
{"timestamp": "1524496341278","calling": "execution(Object org.springframework.data.repository.CrudRepository.save(Object))", "Thread": "Thread[http-nio-8082-exec-3,5,main]", "type": "repository"}
{"timestamp": "1524496341278","calling": "execution(String case1.controller.SecondController.updateFirst(Second))", "Thread": "Thread[http-nio-8082-exec-3,5,main]", "type": "contollerEnd"}
{"timestamp": "1524496341299","calling": "execution(Second case1.controller.SecondController.getSecond(String))", "Thread": "Thread[http-nio-8082-exec-4,5,main]", "type": "contollerStart"}
{"timestamp": "1524496341300","calling": "execution(Second case1.db.SecondRepository.findByUuid(String))", "Thread": "Thread[http-nio-8082-exec-4,5,main]", "type": "repository"}
{"timestamp": "1524496341300","calling": "execution(Second case1.controller.SecondController.getSecond(String))", "Thread": "Thread[http-nio-8082-exec-4,5,main]", "type": "contollerEnd"}
{"timestamp": "1524496341321","calling": "execution(String case1.controller.FirstController.updateFirst(First))", "Thread": "Thread[http-nio-8082-exec-6,5,main]", "type": "contollerStart"}
{"timestamp": "1524496341322","calling": "execution(Object org.springframework.data.repository.CrudRepository.save(Object))", "Thread": "Thread[http-nio-8082-exec-6,5,main]", "type": "repository"}
{"timestamp": "1524496341322","calling": "execution(String case1.controller.FirstController.updateFirst(First))", "Thread": "Thread[http-nio-8082-exec-6,5,main]", "type": "contollerEnd"}
{"timestamp": "1524496341342","calling": "execution(First case1.controller.FirstController.getFirst(String))", "Thread": "Thread[http-nio-8082-exec-7,5,main]", "type": "contollerStart"}
{"timestamp": "1524496341343","calling": "execution(First case1.db.FirstRepository.findByUuid(String))", "Thread": "Thread[http-nio-8082-exec-7,5,main]", "type": "repository"}
{"timestamp": "1524496341343","calling": "execution(First case1.controller.FirstController.getFirst(String))", "Thread": "Thread[http-nio-8082-exec-7,5,main]", "type": "contollerEnd"}
{"timestamp": "1524496341363","calling": "execution(String case1.controller.SecondController.updateFirst(Second))", "Thread": "Thread[http-nio-8082-exec-9,5,main]", "type": "contollerStart"}
{"timestamp": "1524496341365","calling": "execution(Object org.springframework.data.repository.CrudRepository.save(Object))", "Thread": "Thread[http-nio-8082-exec-9,5,main]", "type": "repository"}
{"timestamp": "1524496341365","calling": "execution(String case1.controller.SecondController.updateFirst(Second))", "Thread": "Thread[http-nio-8082-exec-9,5,main]", "type": "contollerEnd"}
{"timestamp": "1524496341388","calling": "execution(Second case1.controller.SecondController.getSecond(String))", "Thread": "Thread[http-nio-8082-exec-10,5,main]", "type": "contollerStart"}
{"timestamp": "1524496341390","calling": "execution(Second case1.db.SecondRepository.findByUuid(String))", "Thread": "Thread[http-nio-8082-exec-10,5,main]", "type": "repository"}
{"timestamp": "1524496341391","calling": "execution(Second case1.controller.SecondController.getSecond(String))", "Thread": "Thread[http-nio-8082-exec-10,5,main]", "type": "contollerEnd"}
{"timestamp": "1524496341412","calling": "execution(String case1.controller.FirstController.updateFirst(First))", "Thread": "Thread[http-nio-8082-exec-1,5,main]", "type": "contollerStart"}
{"timestamp": "1524496341413","calling": "execution(Object org.springframework.data.repository.CrudRepository.save(Object))", "Thread": "Thread[http-nio-8082-exec-1,5,main]", "type": "repository"}
{"timestamp": "1524496341413","calling": "execution(String case1.controller.FirstController.updateFirst(First))", "Thread": "Thread[http-nio-8082-exec-1,5,main]", "type": "contollerEnd"}
{"timestamp": "1524496341432","calling": "execution(First case1.controller.FirstController.getFirst(String))", "Thread": "Thread[http-nio-8082-exec-2,5,main]", "type": "contollerStart"}
{"timestamp": "1524496341433","calling": "execution(First case1.db.FirstRepository.findByUuid(String))", "Thread": "Thread[http-nio-8082-exec-2,5,main]", "type": "repository"}
{"timestamp": "1524496341433","calling": "execution(First case1.controller.FirstController.getFirst(String))", "Thread": "Thread[http-nio-8082-exec-2,5,main]", "type": "contollerEnd"}
{"timestamp": "1524496341453","calling": "execution(String case1.controller.SecondController.updateFirst(Second))", "Thread": "Thread[http-nio-8082-exec-4,5,main]", "type": "contollerStart"}
{"timestamp": "1524496341454","calling": "execution(Object org.springframework.data.repository.CrudRepository.save(Object))", "Thread": "Thread[http-nio-8082-exec-4,5,main]", "type": "repository"}
{"timestamp": "1524496341454","calling": "execution(String case1.controller.SecondController.updateFirst(Second))", "Thread": "Thread[http-nio-8082-exec-4,5,main]", "type": "contollerEnd"}
{"timestamp": "1524496341473","calling": "execution(Second case1.controller.SecondController.getSecond(String))", "Thread": "Thread[http-nio-8082-exec-5,5,main]", "type": "contollerStart"}
{"timestamp": "1524496341474","calling": "execution(Second case1.db.SecondRepository.findByUuid(String))", "Thread": "Thread[http-nio-8082-exec-5,5,main]", "type": "repository"}
{"timestamp": "1524496341474","calling": "execution(Second case1.controller.SecondController.getSecond(String))", "Thread": "Thread[http-nio-8082-exec-5,5,main]", "type": "contollerEnd"}
{"timestamp": "1524496341492","calling": "execution(String case1.controller.FirstController.updateFirst(First))", "Thread": "Thread[http-nio-8082-exec-7,5,main]", "type": "contollerStart"}
{"timestamp": "1524496341493","calling": "execution(Object org.springframework.data.repository.CrudRepository.save(Object))", "Thread": "Thread[http-nio-8082-exec-7,5,main]", "type": "repository"}
{"timestamp": "1524496341493","calling": "execution(String case1.controller.FirstController.updateFirst(First))", "Thread": "Thread[http-nio-8082-exec-7,5,main]", "type": "contollerEnd"}
{"timestamp": "1524496341511","calling": "execution(First case1.controller.FirstController.getFirst(String))", "Thread": "Thread[http-nio-8082-exec-8,5,main]", "type": "contollerStart"}
{"timestamp": "1524496341512","calling": "execution(First case1.db.FirstRepository.findByUuid(String))", "Thread": "Thread[http-nio-8082-exec-8,5,main]", "type": "repository"}
{"timestamp": "1524496341512","calling": "execution(First case1.controller.FirstController.getFirst(String))", "Thread": "Thread[http-nio-8082-exec-8,5,main]", "type": "contollerEnd"}
{"timestamp": "1524496341533","calling": "execution(String case1.controller.SecondController.updateFirst(Second))", "Thread": "Thread[http-nio-8082-exec-9,5,main]", "type": "contollerStart"}
{"timestamp": "1524496341534","calling": "execution(Object org.springframework.data.repository.CrudRepository.save(Object))", "Thread": "Thread[http-nio-8082-exec-9,5,main]", "type": "repository"}
{"timestamp": "1524496341534","calling": "execution(String case1.controller.SecondController.updateFirst(Second))", "Thread": "Thread[http-nio-8082-exec-9,5,main]", "type": "contollerEnd"}
{"timestamp": "1524496341553","calling": "execution(Second case1.controller.SecondController.getSecond(String))", "Thread": "Thread[http-nio-8082-exec-10,5,main]", "type": "contollerStart"}
{"timestamp": "1524496341554","calling": "execution(Second case1.db.SecondRepository.findByUuid(String))", "Thread": "Thread[http-nio-8082-exec-10,5,main]", "type": "repository"}
{"timestamp": "1524496341554","calling": "execution(Second case1.controller.SecondController.getSecond(String))", "Thread": "Thread[http-nio-8082-exec-10,5,main]", "type": "contollerEnd"}
{"timestamp": "1524496341575","calling": "execution(String case1.controller.FirstController.updateFirst(First))", "Thread": "Thread[http-nio-8082-exec-2,5,main]", "type": "contollerStart"}
{"timestamp": "1524496341576","calling": "execution(Object org.springframework.data.repository.CrudRepository.save(Object))", "Thread": "Thread[http-nio-8082-exec-2,5,main]", "type": "repository"}
{"timestamp": "1524496341576","calling": "execution(String case1.controller.FirstController.updateFirst(First))", "Thread": "Thread[http-nio-8082-exec-2,5,main]", "type": "contollerEnd"}
{"timestamp": "1524496341597","calling": "execution(First case1.controller.FirstController.getFirst(String))", "Thread": "Thread[http-nio-8082-exec-3,5,main]", "type": "contollerStart"}
{"timestamp": "1524496341598","calling": "execution(First case1.db.FirstRepository.findByUuid(String))", "Thread": "Thread[http-nio-8082-exec-3,5,main]", "type": "repository"}
{"timestamp": "1524496341598","calling": "execution(First case1.controller.FirstController.getFirst(String))", "Thread": "Thread[http-nio-8082-exec-3,5,main]", "type": "contollerEnd"}
{"timestamp": "1524496341618","calling": "execution(String case1.controller.SecondController.updateFirst(Second))", "Thread": "Thread[http-nio-8082-exec-5,5,main]", "type": "contollerStart"}
{"timestamp": "1524496341620","calling": "execution(Object org.springframework.data.repository.CrudRepository.save(Object))", "Thread": "Thread[http-nio-8082-exec-5,5,main]", "type": "repository"}
{"timestamp": "1524496341620","calling": "execution(String case1.controller.SecondController.updateFirst(Second))", "Thread": "Thread[http-nio-8082-exec-5,5,main]", "type": "contollerEnd"}
{"timestamp": "1524496341640","calling": "execution(Second case1.controller.SecondController.getSecond(String))", "Thread": "Thread[http-nio-8082-exec-6,5,main]", "type": "contollerStart"}
{"timestamp": "1524496341641","calling": "execution(Second case1.db.SecondRepository.findByUuid(String))", "Thread": "Thread[http-nio-8082-exec-6,5,main]", "type": "repository"}
{"timestamp": "1524496341642","calling": "execution(Second case1.controller.SecondController.getSecond(String))", "Thread": "Thread[http-nio-8082-exec-6,5,main]", "type": "contollerEnd"}
{"timestamp": "1524496341666","calling": "execution(String case1.controller.FirstController.updateFirst(First))", "Thread": "Thread[http-nio-8082-exec-8,5,main]", "type": "contollerStart"}
{"timestamp": "1524496341667","calling": "execution(Object org.springframework.data.repository.CrudRepository.save(Object))", "Thread": "Thread[http-nio-8082-exec-8,5,main]", "type": "repository"}
{"timestamp": "1524496341668","calling": "execution(String case1.controller.FirstController.updateFirst(First))", "Thread": "Thread[http-nio-8082-exec-8,5,main]", "type": "contollerEnd"}
{"timestamp": "1524496341687","calling": "execution(First case1.controller.FirstController.getFirst(String))", "Thread": "Thread[http-nio-8082-exec-9,5,main]", "type": "contollerStart"}
{"timestamp": "1524496341688","calling": "execution(First case1.db.FirstRepository.findByUuid(String))", "Thread": "Thread[http-nio-8082-exec-9,5,main]", "type": "repository"}
{"timestamp": "1524496341688","calling": "execution(First case1.controller.FirstController.getFirst(String))", "Thread": "Thread[http-nio-8082-exec-9,5,main]", "type": "contollerEnd"}
{"timestamp": "1524496341708","calling": "execution(String case1.controller.SecondController.updateFirst(Second))", "Thread": "Thread[http-nio-8082-exec-1,5,main]", "type": "contollerStart"}
{"timestamp": "1524496341710","calling": "execution(Object org.springframework.data.repository.CrudRepository.save(Object))", "Thread": "Thread[http-nio-8082-exec-1,5,main]", "type": "repository"}
{"timestamp": "1524496341710","calling": "execution(String case1.controller.SecondController.updateFirst(Second))", "Thread": "Thread[http-nio-8082-exec-1,5,main]", "type": "contollerEnd"}
{"timestamp": "1524496341729","calling": "execution(Second case1.controller.SecondController.getSecond(String))", "Thread": "Thread[http-nio-8082-exec-2,5,main]", "type": "contollerStart"}
{"timestamp": "1524496341730","calling": "execution(Second case1.db.SecondRepository.findByUuid(String))", "Thread": "Thread[http-nio-8082-exec-2,5,main]", "type": "repository"}
{"timestamp": "1524496341730","calling": "execution(Second case1.controller.SecondController.getSecond(String))", "Thread": "Thread[http-nio-8082-exec-2,5,main]", "type": "contollerEnd"}
{"timestamp": "1524496341750","calling": "execution(String case1.controller.FirstController.updateFirst(First))", "Thread": "Thread[http-nio-8082-exec-4,5,main]", "type": "contollerStart"}
{"timestamp": "1524496341752","calling": "execution(Object org.springframework.data.repository.CrudRepository.save(Object))", "Thread": "Thread[http-nio-8082-exec-4,5,main]", "type": "repository"}
{"timestamp": "1524496341752","calling": "execution(String case1.controller.FirstController.updateFirst(First))", "Thread": "Thread[http-nio-8082-exec-4,5,main]", "type": "contollerEnd"}
{"timestamp": "1524496341773","calling": "execution(First case1.controller.FirstController.getFirst(String))", "Thread": "Thread[http-nio-8082-exec-5,5,main]", "type": "contollerStart"}
{"timestamp": "1524496341774","calling": "execution(First case1.db.FirstRepository.findByUuid(String))", "Thread": "Thread[http-nio-8082-exec-5,5,main]", "type": "repository"}
{"timestamp": "1524496341774","calling": "execution(First case1.controller.FirstController.getFirst(String))", "Thread": "Thread[http-nio-8082-exec-5,5,main]", "type": "contollerEnd"}
{"timestamp": "1524496341794","calling": "execution(String case1.controller.SecondController.updateFirst(Second))", "Thread": "Thread[http-nio-8082-exec-7,5,main]", "type": "contollerStart"}
{"timestamp": "1524496341795","calling": "execution(Object org.springframework.data.repository.CrudRepository.save(Object))", "Thread": "Thread[http-nio-8082-exec-7,5,main]", "type": "repository"}
{"timestamp": "1524496341795","calling": "execution(String case1.controller.SecondController.updateFirst(Second))", "Thread": "Thread[http-nio-8082-exec-7,5,main]", "type": "contollerEnd"}
{"timestamp": "1524496341814","calling": "execution(Second case1.controller.SecondController.getSecond(String))", "Thread": "Thread[http-nio-8082-exec-8,5,main]", "type": "contollerStart"}
{"timestamp": "1524496341815","calling": "execution(Second case1.db.SecondRepository.findByUuid(String))", "Thread": "Thread[http-nio-8082-exec-8,5,main]", "type": "repository"}
{"timestamp": "1524496341815","calling": "execution(Second case1.controller.SecondController.getSecond(String))", "Thread": "Thread[http-nio-8082-exec-8,5,main]", "type": "contollerEnd"}
{"timestamp": "1524496341835","calling": "execution(String case1.controller.FirstController.updateFirst(First))", "Thread": "Thread[http-nio-8082-exec-9,5,main]", "type": "contollerStart"}
{"timestamp": "1524496341836","calling": "execution(Object org.springframework.data.repository.CrudRepository.save(Object))", "Thread": "Thread[http-nio-8082-exec-9,5,main]", "type": "repository"}
{"timestamp": "1524496341836","calling": "execution(String case1.controller.FirstController.updateFirst(First))", "Thread": "Thread[http-nio-8082-exec-9,5,main]", "type": "contollerEnd"}
{"timestamp": "1524496341856","calling": "execution(First case1.controller.FirstController.getFirst(String))", "Thread": "Thread[http-nio-8082-exec-10,5,main]", "type": "contollerStart"}
{"timestamp": "1524496341858","calling": "execution(First case1.db.FirstRepository.findByUuid(String))", "Thread": "Thread[http-nio-8082-exec-10,5,main]", "type": "repository"}
{"timestamp": "1524496341858","calling": "execution(First case1.controller.FirstController.getFirst(String))", "Thread": "Thread[http-nio-8082-exec-10,5,main]", "type": "contollerEnd"}
{"timestamp": "1524496341880","calling": "execution(String case1.controller.SecondController.updateFirst(Second))", "Thread": "Thread[http-nio-8082-exec-2,5,main]", "type": "contollerStart"}
{"timestamp": "1524496341881","calling": "execution(Object org.springframework.data.repository.CrudRepository.save(Object))", "Thread": "Thread[http-nio-8082-exec-2,5,main]", "type": "repository"}
{"timestamp": "1524496341881","calling": "execution(String case1.controller.SecondController.updateFirst(Second))", "Thread": "Thread[http-nio-8082-exec-2,5,main]", "type": "contollerEnd"}
{"timestamp": "1524496341901","calling": "execution(Second case1.controller.SecondController.getSecond(String))", "Thread": "Thread[http-nio-8082-exec-3,5,main]", "type": "contollerStart"}
{"timestamp": "1524496341903","calling": "execution(Second case1.db.SecondRepository.findByUuid(String))", "Thread": "Thread[http-nio-8082-exec-3,5,main]", "type": "repository"}
{"timestamp": "1524496341903","calling": "execution(Second case1.controller.SecondController.getSecond(String))", "Thread": "Thread[http-nio-8082-exec-3,5,main]", "type": "contollerEnd"}
