26773 [http-nio-8082-exec-1] INFO  case1.tools.Monitor - {"timestamp": "1524422720932","calling": "execution(String case1.controller.FirstController.updateFirst(First))", "Thread": "Thread[http-nio-8082-exec-1,5,main]", "type": "contollerStart"}
26845 [http-nio-8082-exec-1] INFO  case1.tools.Monitor - {"timestamp": "1524422721006","calling": "execution(Object org.springframework.data.repository.CrudRepository.save(Object))", "Thread": "Thread[http-nio-8082-exec-1,5,main]", "type": "repository"}
26845 [http-nio-8082-exec-1] INFO  case1.tools.Monitor - {"timestamp": "1524422721006","calling": "execution(String case1.controller.FirstController.updateFirst(First))", "Thread": "Thread[http-nio-8082-exec-1,5,main]", "type": "contollerEnd"}
26877 [http-nio-8082-exec-2] INFO  case1.tools.Monitor - {"timestamp": "1524422721038","calling": "execution(First case1.controller.FirstController.getFirst(String))", "Thread": "Thread[http-nio-8082-exec-2,5,main]", "type": "contollerStart"}
26937 [http-nio-8082-exec-2] INFO  case1.tools.Monitor - {"timestamp": "1524422721098","calling": "execution(First case1.db.FirstRepository.findByUuid(String))", "Thread": "Thread[http-nio-8082-exec-2,5,main]", "type": "repository"}
26937 [http-nio-8082-exec-2] INFO  case1.tools.Monitor - {"timestamp": "1524422721098","calling": "execution(First case1.controller.FirstController.getFirst(String))", "Thread": "Thread[http-nio-8082-exec-2,5,main]", "type": "contollerEnd"}
26972 [http-nio-8082-exec-4] INFO  case1.tools.Monitor - {"timestamp": "1524422721133","calling": "execution(String case1.controller.SecondController.updateFirst(Second))", "Thread": "Thread[http-nio-8082-exec-4,5,main]", "type": "contollerStart"}
26979 [http-nio-8082-exec-4] INFO  case1.tools.Monitor - {"timestamp": "1524422721140","calling": "execution(Object org.springframework.data.repository.CrudRepository.save(Object))", "Thread": "Thread[http-nio-8082-exec-4,5,main]", "type": "repository"}
26979 [http-nio-8082-exec-4] INFO  case1.tools.Monitor - {"timestamp": "1524422721140","calling": "execution(String case1.controller.SecondController.updateFirst(Second))", "Thread": "Thread[http-nio-8082-exec-4,5,main]", "type": "contollerEnd"}
26998 [http-nio-8082-exec-5] INFO  case1.tools.Monitor - {"timestamp": "1524422721159","calling": "execution(Second case1.controller.SecondController.getSecond(String))", "Thread": "Thread[http-nio-8082-exec-5,5,main]", "type": "contollerStart"}
27000 [http-nio-8082-exec-5] INFO  case1.tools.Monitor - {"timestamp": "1524422721161","calling": "execution(Second case1.db.SecondRepository.findByUuid(String))", "Thread": "Thread[http-nio-8082-exec-5,5,main]", "type": "repository"}
27001 [http-nio-8082-exec-5] INFO  case1.tools.Monitor - {"timestamp": "1524422721162","calling": "execution(Second case1.controller.SecondController.getSecond(String))", "Thread": "Thread[http-nio-8082-exec-5,5,main]", "type": "contollerEnd"}
27020 [http-nio-8082-exec-7] INFO  case1.tools.Monitor - {"timestamp": "1524422721181","calling": "execution(String case1.controller.FirstController.updateFirst(First))", "Thread": "Thread[http-nio-8082-exec-7,5,main]", "type": "contollerStart"}
27022 [http-nio-8082-exec-7] INFO  case1.tools.Monitor - {"timestamp": "1524422721183","calling": "execution(Object org.springframework.data.repository.CrudRepository.save(Object))", "Thread": "Thread[http-nio-8082-exec-7,5,main]", "type": "repository"}
27022 [http-nio-8082-exec-7] INFO  case1.tools.Monitor - {"timestamp": "1524422721183","calling": "execution(String case1.controller.FirstController.updateFirst(First))", "Thread": "Thread[http-nio-8082-exec-7,5,main]", "type": "contollerEnd"}
27039 [http-nio-8082-exec-8] INFO  case1.tools.Monitor - {"timestamp": "1524422721200","calling": "execution(First case1.controller.FirstController.getFirst(String))", "Thread": "Thread[http-nio-8082-exec-8,5,main]", "type": "contollerStart"}
27041 [http-nio-8082-exec-8] INFO  case1.tools.Monitor - {"timestamp": "1524422721202","calling": "execution(First case1.db.FirstRepository.findByUuid(String))", "Thread": "Thread[http-nio-8082-exec-8,5,main]", "type": "repository"}
27041 [http-nio-8082-exec-8] INFO  case1.tools.Monitor - {"timestamp": "1524422721202","calling": "execution(First case1.controller.FirstController.getFirst(String))", "Thread": "Thread[http-nio-8082-exec-8,5,main]", "type": "contollerEnd"}
27059 [http-nio-8082-exec-10] INFO  case1.tools.Monitor - {"timestamp": "1524422721220","calling": "execution(String case1.controller.SecondController.updateFirst(Second))", "Thread": "Thread[http-nio-8082-exec-10,5,main]", "type": "contollerStart"}
27061 [http-nio-8082-exec-10] INFO  case1.tools.Monitor - {"timestamp": "1524422721222","calling": "execution(Object org.springframework.data.repository.CrudRepository.save(Object))", "Thread": "Thread[http-nio-8082-exec-10,5,main]", "type": "repository"}
27061 [http-nio-8082-exec-10] INFO  case1.tools.Monitor - {"timestamp": "1524422721222","calling": "execution(String case1.controller.SecondController.updateFirst(Second))", "Thread": "Thread[http-nio-8082-exec-10,5,main]", "type": "contollerEnd"}
27079 [http-nio-8082-exec-1] INFO  case1.tools.Monitor - {"timestamp": "1524422721240","calling": "execution(Second case1.controller.SecondController.getSecond(String))", "Thread": "Thread[http-nio-8082-exec-1,5,main]", "type": "contollerStart"}
27081 [http-nio-8082-exec-1] INFO  case1.tools.Monitor - {"timestamp": "1524422721242","calling": "execution(Second case1.db.SecondRepository.findByUuid(String))", "Thread": "Thread[http-nio-8082-exec-1,5,main]", "type": "repository"}
27081 [http-nio-8082-exec-1] INFO  case1.tools.Monitor - {"timestamp": "1524422721242","calling": "execution(Second case1.controller.SecondController.getSecond(String))", "Thread": "Thread[http-nio-8082-exec-1,5,main]", "type": "contollerEnd"}
27099 [http-nio-8082-exec-3] INFO  case1.tools.Monitor - {"timestamp": "1524422721260","calling": "execution(String case1.controller.FirstController.updateFirst(First))", "Thread": "Thread[http-nio-8082-exec-3,5,main]", "type": "contollerStart"}
27100 [http-nio-8082-exec-3] INFO  case1.tools.Monitor - {"timestamp": "1524422721261","calling": "execution(Object org.springframework.data.repository.CrudRepository.save(Object))", "Thread": "Thread[http-nio-8082-exec-3,5,main]", "type": "repository"}
27100 [http-nio-8082-exec-3] INFO  case1.tools.Monitor - {"timestamp": "1524422721261","calling": "execution(String case1.controller.FirstController.updateFirst(First))", "Thread": "Thread[http-nio-8082-exec-3,5,main]", "type": "contollerEnd"}
27118 [http-nio-8082-exec-4] INFO  case1.tools.Monitor - {"timestamp": "1524422721279","calling": "execution(First case1.controller.FirstController.getFirst(String))", "Thread": "Thread[http-nio-8082-exec-4,5,main]", "type": "contollerStart"}
27119 [http-nio-8082-exec-4] INFO  case1.tools.Monitor - {"timestamp": "1524422721280","calling": "execution(First case1.db.FirstRepository.findByUuid(String))", "Thread": "Thread[http-nio-8082-exec-4,5,main]", "type": "repository"}
27119 [http-nio-8082-exec-4] INFO  case1.tools.Monitor - {"timestamp": "1524422721280","calling": "execution(First case1.controller.FirstController.getFirst(String))", "Thread": "Thread[http-nio-8082-exec-4,5,main]", "type": "contollerEnd"}
27138 [http-nio-8082-exec-6] INFO  case1.tools.Monitor - {"timestamp": "1524422721299","calling": "execution(String case1.controller.SecondController.updateFirst(Second))", "Thread": "Thread[http-nio-8082-exec-6,5,main]", "type": "contollerStart"}
27139 [http-nio-8082-exec-6] INFO  case1.tools.Monitor - {"timestamp": "1524422721300","calling": "execution(Object org.springframework.data.repository.CrudRepository.save(Object))", "Thread": "Thread[http-nio-8082-exec-6,5,main]", "type": "repository"}
27140 [http-nio-8082-exec-6] INFO  case1.tools.Monitor - {"timestamp": "1524422721301","calling": "execution(String case1.controller.SecondController.updateFirst(Second))", "Thread": "Thread[http-nio-8082-exec-6,5,main]", "type": "contollerEnd"}
27158 [http-nio-8082-exec-7] INFO  case1.tools.Monitor - {"timestamp": "1524422721319","calling": "execution(Second case1.controller.SecondController.getSecond(String))", "Thread": "Thread[http-nio-8082-exec-7,5,main]", "type": "contollerStart"}
27159 [http-nio-8082-exec-7] INFO  case1.tools.Monitor - {"timestamp": "1524422721320","calling": "execution(Second case1.db.SecondRepository.findByUuid(String))", "Thread": "Thread[http-nio-8082-exec-7,5,main]", "type": "repository"}
27159 [http-nio-8082-exec-7] INFO  case1.tools.Monitor - {"timestamp": "1524422721320","calling": "execution(Second case1.controller.SecondController.getSecond(String))", "Thread": "Thread[http-nio-8082-exec-7,5,main]", "type": "contollerEnd"}
27177 [http-nio-8082-exec-9] INFO  case1.tools.Monitor - {"timestamp": "1524422721338","calling": "execution(String case1.controller.FirstController.updateFirst(First))", "Thread": "Thread[http-nio-8082-exec-9,5,main]", "type": "contollerStart"}
27179 [http-nio-8082-exec-9] INFO  case1.tools.Monitor - {"timestamp": "1524422721340","calling": "execution(Object org.springframework.data.repository.CrudRepository.save(Object))", "Thread": "Thread[http-nio-8082-exec-9,5,main]", "type": "repository"}
27179 [http-nio-8082-exec-9] INFO  case1.tools.Monitor - {"timestamp": "1524422721340","calling": "execution(String case1.controller.FirstController.updateFirst(First))", "Thread": "Thread[http-nio-8082-exec-9,5,main]", "type": "contollerEnd"}
27196 [http-nio-8082-exec-10] INFO  case1.tools.Monitor - {"timestamp": "1524422721357","calling": "execution(First case1.controller.FirstController.getFirst(String))", "Thread": "Thread[http-nio-8082-exec-10,5,main]", "type": "contollerStart"}
27197 [http-nio-8082-exec-10] INFO  case1.tools.Monitor - {"timestamp": "1524422721358","calling": "execution(First case1.db.FirstRepository.findByUuid(String))", "Thread": "Thread[http-nio-8082-exec-10,5,main]", "type": "repository"}
27198 [http-nio-8082-exec-10] INFO  case1.tools.Monitor - {"timestamp": "1524422721359","calling": "execution(First case1.controller.FirstController.getFirst(String))", "Thread": "Thread[http-nio-8082-exec-10,5,main]", "type": "contollerEnd"}
27216 [http-nio-8082-exec-2] INFO  case1.tools.Monitor - {"timestamp": "1524422721377","calling": "execution(String case1.controller.SecondController.updateFirst(Second))", "Thread": "Thread[http-nio-8082-exec-2,5,main]", "type": "contollerStart"}
27218 [http-nio-8082-exec-2] INFO  case1.tools.Monitor - {"timestamp": "1524422721379","calling": "execution(Object org.springframework.data.repository.CrudRepository.save(Object))", "Thread": "Thread[http-nio-8082-exec-2,5,main]", "type": "repository"}
27218 [http-nio-8082-exec-2] INFO  case1.tools.Monitor - {"timestamp": "1524422721379","calling": "execution(String case1.controller.SecondController.updateFirst(Second))", "Thread": "Thread[http-nio-8082-exec-2,5,main]", "type": "contollerEnd"}
27236 [http-nio-8082-exec-3] INFO  case1.tools.Monitor - {"timestamp": "1524422721397","calling": "execution(Second case1.controller.SecondController.getSecond(String))", "Thread": "Thread[http-nio-8082-exec-3,5,main]", "type": "contollerStart"}
27238 [http-nio-8082-exec-3] INFO  case1.tools.Monitor - {"timestamp": "1524422721399","calling": "execution(Second case1.db.SecondRepository.findByUuid(String))", "Thread": "Thread[http-nio-8082-exec-3,5,main]", "type": "repository"}
27239 [http-nio-8082-exec-3] INFO  case1.tools.Monitor - {"timestamp": "1524422721400","calling": "execution(Second case1.controller.SecondController.getSecond(String))", "Thread": "Thread[http-nio-8082-exec-3,5,main]", "type": "contollerEnd"}
27258 [http-nio-8082-exec-5] INFO  case1.tools.Monitor - {"timestamp": "1524422721419","calling": "execution(String case1.controller.FirstController.updateFirst(First))", "Thread": "Thread[http-nio-8082-exec-5,5,main]", "type": "contollerStart"}
27259 [http-nio-8082-exec-5] INFO  case1.tools.Monitor - {"timestamp": "1524422721420","calling": "execution(Object org.springframework.data.repository.CrudRepository.save(Object))", "Thread": "Thread[http-nio-8082-exec-5,5,main]", "type": "repository"}
27260 [http-nio-8082-exec-5] INFO  case1.tools.Monitor - {"timestamp": "1524422721421","calling": "execution(String case1.controller.FirstController.updateFirst(First))", "Thread": "Thread[http-nio-8082-exec-5,5,main]", "type": "contollerEnd"}
27278 [http-nio-8082-exec-6] INFO  case1.tools.Monitor - {"timestamp": "1524422721439","calling": "execution(First case1.controller.FirstController.getFirst(String))", "Thread": "Thread[http-nio-8082-exec-6,5,main]", "type": "contollerStart"}
27280 [http-nio-8082-exec-6] INFO  case1.tools.Monitor - {"timestamp": "1524422721441","calling": "execution(First case1.db.FirstRepository.findByUuid(String))", "Thread": "Thread[http-nio-8082-exec-6,5,main]", "type": "repository"}
27280 [http-nio-8082-exec-6] INFO  case1.tools.Monitor - {"timestamp": "1524422721441","calling": "execution(First case1.controller.FirstController.getFirst(String))", "Thread": "Thread[http-nio-8082-exec-6,5,main]", "type": "contollerEnd"}
27300 [http-nio-8082-exec-8] INFO  case1.tools.Monitor - {"timestamp": "1524422721461","calling": "execution(String case1.controller.SecondController.updateFirst(Second))", "Thread": "Thread[http-nio-8082-exec-8,5,main]", "type": "contollerStart"}
27301 [http-nio-8082-exec-8] INFO  case1.tools.Monitor - {"timestamp": "1524422721462","calling": "execution(Object org.springframework.data.repository.CrudRepository.save(Object))", "Thread": "Thread[http-nio-8082-exec-8,5,main]", "type": "repository"}
27302 [http-nio-8082-exec-8] INFO  case1.tools.Monitor - {"timestamp": "1524422721463","calling": "execution(String case1.controller.SecondController.updateFirst(Second))", "Thread": "Thread[http-nio-8082-exec-8,5,main]", "type": "contollerEnd"}
27321 [http-nio-8082-exec-9] INFO  case1.tools.Monitor - {"timestamp": "1524422721482","calling": "execution(Second case1.controller.SecondController.getSecond(String))", "Thread": "Thread[http-nio-8082-exec-9,5,main]", "type": "contollerStart"}
27322 [http-nio-8082-exec-9] INFO  case1.tools.Monitor - {"timestamp": "1524422721483","calling": "execution(Second case1.db.SecondRepository.findByUuid(String))", "Thread": "Thread[http-nio-8082-exec-9,5,main]", "type": "repository"}
27323 [http-nio-8082-exec-9] INFO  case1.tools.Monitor - {"timestamp": "1524422721484","calling": "execution(Second case1.controller.SecondController.getSecond(String))", "Thread": "Thread[http-nio-8082-exec-9,5,main]", "type": "contollerEnd"}
27342 [http-nio-8082-exec-1] INFO  case1.tools.Monitor - {"timestamp": "1524422721503","calling": "execution(String case1.controller.FirstController.updateFirst(First))", "Thread": "Thread[http-nio-8082-exec-1,5,main]", "type": "contollerStart"}
27344 [http-nio-8082-exec-1] INFO  case1.tools.Monitor - {"timestamp": "1524422721505","calling": "execution(Object org.springframework.data.repository.CrudRepository.save(Object))", "Thread": "Thread[http-nio-8082-exec-1,5,main]", "type": "repository"}
27344 [http-nio-8082-exec-1] INFO  case1.tools.Monitor - {"timestamp": "1524422721505","calling": "execution(String case1.controller.FirstController.updateFirst(First))", "Thread": "Thread[http-nio-8082-exec-1,5,main]", "type": "contollerEnd"}
27364 [http-nio-8082-exec-2] INFO  case1.tools.Monitor - {"timestamp": "1524422721525","calling": "execution(First case1.controller.FirstController.getFirst(String))", "Thread": "Thread[http-nio-8082-exec-2,5,main]", "type": "contollerStart"}
27366 [http-nio-8082-exec-2] INFO  case1.tools.Monitor - {"timestamp": "1524422721527","calling": "execution(First case1.db.FirstRepository.findByUuid(String))", "Thread": "Thread[http-nio-8082-exec-2,5,main]", "type": "repository"}
27366 [http-nio-8082-exec-2] INFO  case1.tools.Monitor - {"timestamp": "1524422721527","calling": "execution(First case1.controller.FirstController.getFirst(String))", "Thread": "Thread[http-nio-8082-exec-2,5,main]", "type": "contollerEnd"}
27386 [http-nio-8082-exec-4] INFO  case1.tools.Monitor - {"timestamp": "1524422721547","calling": "execution(String case1.controller.SecondController.updateFirst(Second))", "Thread": "Thread[http-nio-8082-exec-4,5,main]", "type": "contollerStart"}
27388 [http-nio-8082-exec-4] INFO  case1.tools.Monitor - {"timestamp": "1524422721549","calling": "execution(Object org.springframework.data.repository.CrudRepository.save(Object))", "Thread": "Thread[http-nio-8082-exec-4,5,main]", "type": "repository"}
27388 [http-nio-8082-exec-4] INFO  case1.tools.Monitor - {"timestamp": "1524422721549","calling": "execution(String case1.controller.SecondController.updateFirst(Second))", "Thread": "Thread[http-nio-8082-exec-4,5,main]", "type": "contollerEnd"}
27408 [http-nio-8082-exec-5] INFO  case1.tools.Monitor - {"timestamp": "1524422721569","calling": "execution(Second case1.controller.SecondController.getSecond(String))", "Thread": "Thread[http-nio-8082-exec-5,5,main]", "type": "contollerStart"}
27409 [http-nio-8082-exec-5] INFO  case1.tools.Monitor - {"timestamp": "1524422721570","calling": "execution(Second case1.db.SecondRepository.findByUuid(String))", "Thread": "Thread[http-nio-8082-exec-5,5,main]", "type": "repository"}
27410 [http-nio-8082-exec-5] INFO  case1.tools.Monitor - {"timestamp": "1524422721571","calling": "execution(Second case1.controller.SecondController.getSecond(String))", "Thread": "Thread[http-nio-8082-exec-5,5,main]", "type": "contollerEnd"}
27431 [http-nio-8082-exec-7] INFO  case1.tools.Monitor - {"timestamp": "1524422721592","calling": "execution(String case1.controller.FirstController.updateFirst(First))", "Thread": "Thread[http-nio-8082-exec-7,5,main]", "type": "contollerStart"}
27432 [http-nio-8082-exec-7] INFO  case1.tools.Monitor - {"timestamp": "1524422721593","calling": "execution(Object org.springframework.data.repository.CrudRepository.save(Object))", "Thread": "Thread[http-nio-8082-exec-7,5,main]", "type": "repository"}
27433 [http-nio-8082-exec-7] INFO  case1.tools.Monitor - {"timestamp": "1524422721594","calling": "execution(String case1.controller.FirstController.updateFirst(First))", "Thread": "Thread[http-nio-8082-exec-7,5,main]", "type": "contollerEnd"}
27451 [http-nio-8082-exec-8] INFO  case1.tools.Monitor - {"timestamp": "1524422721612","calling": "execution(First case1.controller.FirstController.getFirst(String))", "Thread": "Thread[http-nio-8082-exec-8,5,main]", "type": "contollerStart"}
27452 [http-nio-8082-exec-8] INFO  case1.tools.Monitor - {"timestamp": "1524422721613","calling": "execution(First case1.db.FirstRepository.findByUuid(String))", "Thread": "Thread[http-nio-8082-exec-8,5,main]", "type": "repository"}
27452 [http-nio-8082-exec-8] INFO  case1.tools.Monitor - {"timestamp": "1524422721613","calling": "execution(First case1.controller.FirstController.getFirst(String))", "Thread": "Thread[http-nio-8082-exec-8,5,main]", "type": "contollerEnd"}
27472 [http-nio-8082-exec-10] INFO  case1.tools.Monitor - {"timestamp": "1524422721633","calling": "execution(String case1.controller.SecondController.updateFirst(Second))", "Thread": "Thread[http-nio-8082-exec-10,5,main]", "type": "contollerStart"}
27473 [http-nio-8082-exec-10] INFO  case1.tools.Monitor - {"timestamp": "1524422721634","calling": "execution(Object org.springframework.data.repository.CrudRepository.save(Object))", "Thread": "Thread[http-nio-8082-exec-10,5,main]", "type": "repository"}
27474 [http-nio-8082-exec-10] INFO  case1.tools.Monitor - {"timestamp": "1524422721635","calling": "execution(String case1.controller.SecondController.updateFirst(Second))", "Thread": "Thread[http-nio-8082-exec-10,5,main]", "type": "contollerEnd"}
27492 [http-nio-8082-exec-1] INFO  case1.tools.Monitor - {"timestamp": "1524422721653","calling": "execution(Second case1.controller.SecondController.getSecond(String))", "Thread": "Thread[http-nio-8082-exec-1,5,main]", "type": "contollerStart"}
27493 [http-nio-8082-exec-1] INFO  case1.tools.Monitor - {"timestamp": "1524422721654","calling": "execution(Second case1.db.SecondRepository.findByUuid(String))", "Thread": "Thread[http-nio-8082-exec-1,5,main]", "type": "repository"}
27494 [http-nio-8082-exec-1] INFO  case1.tools.Monitor - {"timestamp": "1524422721655","calling": "execution(Second case1.controller.SecondController.getSecond(String))", "Thread": "Thread[http-nio-8082-exec-1,5,main]", "type": "contollerEnd"}
27513 [http-nio-8082-exec-3] INFO  case1.tools.Monitor - {"timestamp": "1524422721674","calling": "execution(String case1.controller.FirstController.updateFirst(First))", "Thread": "Thread[http-nio-8082-exec-3,5,main]", "type": "contollerStart"}
27515 [http-nio-8082-exec-3] INFO  case1.tools.Monitor - {"timestamp": "1524422721676","calling": "execution(Object org.springframework.data.repository.CrudRepository.save(Object))", "Thread": "Thread[http-nio-8082-exec-3,5,main]", "type": "repository"}
27515 [http-nio-8082-exec-3] INFO  case1.tools.Monitor - {"timestamp": "1524422721676","calling": "execution(String case1.controller.FirstController.updateFirst(First))", "Thread": "Thread[http-nio-8082-exec-3,5,main]", "type": "contollerEnd"}
27536 [http-nio-8082-exec-4] INFO  case1.tools.Monitor - {"timestamp": "1524422721697","calling": "execution(First case1.controller.FirstController.getFirst(String))", "Thread": "Thread[http-nio-8082-exec-4,5,main]", "type": "contollerStart"}
27537 [http-nio-8082-exec-4] INFO  case1.tools.Monitor - {"timestamp": "1524422721698","calling": "execution(First case1.db.FirstRepository.findByUuid(String))", "Thread": "Thread[http-nio-8082-exec-4,5,main]", "type": "repository"}
27537 [http-nio-8082-exec-4] INFO  case1.tools.Monitor - {"timestamp": "1524422721698","calling": "execution(First case1.controller.FirstController.getFirst(String))", "Thread": "Thread[http-nio-8082-exec-4,5,main]", "type": "contollerEnd"}
27557 [http-nio-8082-exec-6] INFO  case1.tools.Monitor - {"timestamp": "1524422721718","calling": "execution(String case1.controller.SecondController.updateFirst(Second))", "Thread": "Thread[http-nio-8082-exec-6,5,main]", "type": "contollerStart"}
27559 [http-nio-8082-exec-6] INFO  case1.tools.Monitor - {"timestamp": "1524422721720","calling": "execution(Object org.springframework.data.repository.CrudRepository.save(Object))", "Thread": "Thread[http-nio-8082-exec-6,5,main]", "type": "repository"}
27560 [http-nio-8082-exec-6] INFO  case1.tools.Monitor - {"timestamp": "1524422721721","calling": "execution(String case1.controller.SecondController.updateFirst(Second))", "Thread": "Thread[http-nio-8082-exec-6,5,main]", "type": "contollerEnd"}
27580 [http-nio-8082-exec-7] INFO  case1.tools.Monitor - {"timestamp": "1524422721741","calling": "execution(Second case1.controller.SecondController.getSecond(String))", "Thread": "Thread[http-nio-8082-exec-7,5,main]", "type": "contollerStart"}
27582 [http-nio-8082-exec-7] INFO  case1.tools.Monitor - {"timestamp": "1524422721743","calling": "execution(Second case1.db.SecondRepository.findByUuid(String))", "Thread": "Thread[http-nio-8082-exec-7,5,main]", "type": "repository"}
27582 [http-nio-8082-exec-7] INFO  case1.tools.Monitor - {"timestamp": "1524422721743","calling": "execution(Second case1.controller.SecondController.getSecond(String))", "Thread": "Thread[http-nio-8082-exec-7,5,main]", "type": "contollerEnd"}
27601 [http-nio-8082-exec-9] INFO  case1.tools.Monitor - {"timestamp": "1524422721762","calling": "execution(String case1.controller.FirstController.updateFirst(First))", "Thread": "Thread[http-nio-8082-exec-9,5,main]", "type": "contollerStart"}
27603 [http-nio-8082-exec-9] INFO  case1.tools.Monitor - {"timestamp": "1524422721764","calling": "execution(Object org.springframework.data.repository.CrudRepository.save(Object))", "Thread": "Thread[http-nio-8082-exec-9,5,main]", "type": "repository"}
27603 [http-nio-8082-exec-9] INFO  case1.tools.Monitor - {"timestamp": "1524422721764","calling": "execution(String case1.controller.FirstController.updateFirst(First))", "Thread": "Thread[http-nio-8082-exec-9,5,main]", "type": "contollerEnd"}
27623 [http-nio-8082-exec-10] INFO  case1.tools.Monitor - {"timestamp": "1524422721784","calling": "execution(First case1.controller.FirstController.getFirst(String))", "Thread": "Thread[http-nio-8082-exec-10,5,main]", "type": "contollerStart"}
27624 [http-nio-8082-exec-10] INFO  case1.tools.Monitor - {"timestamp": "1524422721785","calling": "execution(First case1.db.FirstRepository.findByUuid(String))", "Thread": "Thread[http-nio-8082-exec-10,5,main]", "type": "repository"}
27624 [http-nio-8082-exec-10] INFO  case1.tools.Monitor - {"timestamp": "1524422721785","calling": "execution(First case1.controller.FirstController.getFirst(String))", "Thread": "Thread[http-nio-8082-exec-10,5,main]", "type": "contollerEnd"}
27644 [http-nio-8082-exec-2] INFO  case1.tools.Monitor - {"timestamp": "1524422721805","calling": "execution(String case1.controller.SecondController.updateFirst(Second))", "Thread": "Thread[http-nio-8082-exec-2,5,main]", "type": "contollerStart"}
27645 [http-nio-8082-exec-2] INFO  case1.tools.Monitor - {"timestamp": "1524422721806","calling": "execution(Object org.springframework.data.repository.CrudRepository.save(Object))", "Thread": "Thread[http-nio-8082-exec-2,5,main]", "type": "repository"}
27646 [http-nio-8082-exec-2] INFO  case1.tools.Monitor - {"timestamp": "1524422721807","calling": "execution(String case1.controller.SecondController.updateFirst(Second))", "Thread": "Thread[http-nio-8082-exec-2,5,main]", "type": "contollerEnd"}
27665 [http-nio-8082-exec-3] INFO  case1.tools.Monitor - {"timestamp": "1524422721826","calling": "execution(Second case1.controller.SecondController.getSecond(String))", "Thread": "Thread[http-nio-8082-exec-3,5,main]", "type": "contollerStart"}
27666 [http-nio-8082-exec-3] INFO  case1.tools.Monitor - {"timestamp": "1524422721827","calling": "execution(Second case1.db.SecondRepository.findByUuid(String))", "Thread": "Thread[http-nio-8082-exec-3,5,main]", "type": "repository"}
27667 [http-nio-8082-exec-3] INFO  case1.tools.Monitor - {"timestamp": "1524422721828","calling": "execution(Second case1.controller.SecondController.getSecond(String))", "Thread": "Thread[http-nio-8082-exec-3,5,main]", "type": "contollerEnd"}
27686 [http-nio-8082-exec-5] INFO  case1.tools.Monitor - {"timestamp": "1524422721847","calling": "execution(String case1.controller.FirstController.updateFirst(First))", "Thread": "Thread[http-nio-8082-exec-5,5,main]", "type": "contollerStart"}
27687 [http-nio-8082-exec-5] INFO  case1.tools.Monitor - {"timestamp": "1524422721848","calling": "execution(Object org.springframework.data.repository.CrudRepository.save(Object))", "Thread": "Thread[http-nio-8082-exec-5,5,main]", "type": "repository"}
27688 [http-nio-8082-exec-5] INFO  case1.tools.Monitor - {"timestamp": "1524422721849","calling": "execution(String case1.controller.FirstController.updateFirst(First))", "Thread": "Thread[http-nio-8082-exec-5,5,main]", "type": "contollerEnd"}
27707 [http-nio-8082-exec-6] INFO  case1.tools.Monitor - {"timestamp": "1524422721868","calling": "execution(First case1.controller.FirstController.getFirst(String))", "Thread": "Thread[http-nio-8082-exec-6,5,main]", "type": "contollerStart"}
27708 [http-nio-8082-exec-6] INFO  case1.tools.Monitor - {"timestamp": "1524422721869","calling": "execution(First case1.db.FirstRepository.findByUuid(String))", "Thread": "Thread[http-nio-8082-exec-6,5,main]", "type": "repository"}
27709 [http-nio-8082-exec-6] INFO  case1.tools.Monitor - {"timestamp": "1524422721870","calling": "execution(First case1.controller.FirstController.getFirst(String))", "Thread": "Thread[http-nio-8082-exec-6,5,main]", "type": "contollerEnd"}
27728 [http-nio-8082-exec-8] INFO  case1.tools.Monitor - {"timestamp": "1524422721889","calling": "execution(String case1.controller.SecondController.updateFirst(Second))", "Thread": "Thread[http-nio-8082-exec-8,5,main]", "type": "contollerStart"}
27729 [http-nio-8082-exec-8] INFO  case1.tools.Monitor - {"timestamp": "1524422721890","calling": "execution(Object org.springframework.data.repository.CrudRepository.save(Object))", "Thread": "Thread[http-nio-8082-exec-8,5,main]", "type": "repository"}
27730 [http-nio-8082-exec-8] INFO  case1.tools.Monitor - {"timestamp": "1524422721891","calling": "execution(String case1.controller.SecondController.updateFirst(Second))", "Thread": "Thread[http-nio-8082-exec-8,5,main]", "type": "contollerEnd"}
27750 [http-nio-8082-exec-9] INFO  case1.tools.Monitor - {"timestamp": "1524422721911","calling": "execution(Second case1.controller.SecondController.getSecond(String))", "Thread": "Thread[http-nio-8082-exec-9,5,main]", "type": "contollerStart"}
27751 [http-nio-8082-exec-9] INFO  case1.tools.Monitor - {"timestamp": "1524422721912","calling": "execution(Second case1.db.SecondRepository.findByUuid(String))", "Thread": "Thread[http-nio-8082-exec-9,5,main]", "type": "repository"}
27752 [http-nio-8082-exec-9] INFO  case1.tools.Monitor - {"timestamp": "1524422721913","calling": "execution(Second case1.controller.SecondController.getSecond(String))", "Thread": "Thread[http-nio-8082-exec-9,5,main]", "type": "contollerEnd"}
